<?xml version="1.0" encoding="UTF-8"?>
<testsuites name="HR-test-chrome" time="5911.067" tests="5" failures="0" errors="0">
   <testsuite name="HR-test-chrome" tests="5" failures="0" errors="0" time="5911.067" skipped="0" timestamp="2021-12-21 18:41:36" hostname="agata - DESKTOP-KI9905I" id="Test Suites/HR-test-chrome">
      <properties>
         <property name="deviceName" value=""/>
         <property name="devicePlatform" value=""/>
         <property name="logFolder" value="C:\\Users\\agata\\git\\PTSOWebKounikator\\Reports\\20211221_184130\\HR-test-chrome\\20211221_184130"/>
         <property name="logFiles" value="C:\\Users\\agata\\git\\PTSOWebKounikator\\Reports\\20211221_184130\\HR-test-chrome\\20211221_184130\\execution0.log"/>
         <property name="attachments" value=""/>
         <property name="hostName" value="agata - DESKTOP-KI9905I"/>
         <property name="os" value="Windows 10 64bit"/>
         <property name="katalonVersion" value="8.2.0.208"/>
         <property name="browser" value="Chrome 96.0.4664.110"/>
         <property name="hostAddress" value="192.168.3.3"/>
         <property name="sessionId" value="d0bf8525962515ec48e10ec44450f865"/>
         <property name="seleniumVersion" value="3.141.59"/>
         <property name="proxyInformation" value="ProxyInformation { proxyOption=NO_PROXY, proxyServerType=HTTP, username=, password=********, proxyServerAddress=, proxyServerPort=0, executionList=&quot;&quot;, isApplyToDesiredCapabilities=true }"/>
         <property name="platform" value="Windows 10"/>
      </properties>
      <testcase name="Test Cases/Historia rozmów/HR17" time="98.679" classname="Test Cases/Historia rozmów/HR17" status="PASSED">
         <system-out><![CDATA[2021-12-21 18:41:36 - [TEST_CASE][PASSED] - Test Cases/Historia rozmów/HR17: Test Cases/Historia rozmów/HR17

2021-12-21 18:41:37 - [TEST_STEP][PASSED] - openBrowser(""): Browser is opened with url: ''

2021-12-21 18:41:38 - [MESSAGE][INFO] - Starting 'Chrome' driver

2021-12-21 18:41:38 - [MESSAGE][INFO] - Action delay is set to 0 milliseconds

2021-12-21 18:41:42 - [MESSAGE][PASSED] - Browser is opened with url: ''

2021-12-21 18:41:42 - [TEST_STEP][PASSED] - maximizeWindow(): Current window maximized

2021-12-21 18:41:42 - [MESSAGE][PASSED] - Current window maximized

2021-12-21 18:41:42 - [TEST_STEP][PASSED] - navigateToUrl("http://kmg.hcm.pl/testowanie/index.html"): Navigate to 'http://kmg.hcm.pl/testowanie/index.html' successfully

2021-12-21 18:41:44 - [MESSAGE][PASSED] - Navigate to 'http://kmg.hcm.pl/testowanie/index.html' successfully

2021-12-21 18:41:44 - [TEST_STEP][PASSED] - setText(findTestObject("Object Repository/Page_PSTO webMessenger/input_Zarejestruj konto_userLogin"), "Tomasz Staszewski"): Text 'Tomasz Staszewski' is set on object 'Object Repository/Page_PSTO webMessenger/input_Zarejestruj konto_userLogin'

2021-12-21 18:41:45 - [MESSAGE][PASSED] - Text 'Tomasz Staszewski' is set on object 'Object Repository/Page_PSTO webMessenger/input_Zarejestruj konto_userLogin'

2021-12-21 18:41:45 - [TEST_STEP][PASSED] - setEncryptedText(findTestObject("Object Repository/Page_PSTO webMessenger/input_Zarejestruj konto_passwordLogin"), "wCo1vTKhcj4="): Text ****** has been set on object 'Object Repository/Page_PSTO webMessenger/input_Zarejestruj konto_passwordLogin'

2021-12-21 18:41:46 - [MESSAGE][PASSED] - Text ****** has been set on object 'Object Repository/Page_PSTO webMessenger/input_Zarejestruj konto_passwordLogin'

2021-12-21 18:41:46 - [TEST_STEP][PASSED] - click(findTestObject("Object Repository/Page_PSTO webMessenger/input_Zarejestruj konto_login")): Object: 'Object Repository/Page_PSTO webMessenger/input_Zarejestruj konto_login' is clicked on

2021-12-21 18:41:47 - [MESSAGE][PASSED] - Object: 'Object Repository/Page_PSTO webMessenger/input_Zarejestruj konto_login' is clicked on

2021-12-21 18:41:47 - [TEST_STEP][PASSED] - click(findTestObject("Page_PSTO webMessenger - Zalogowano/div_Magda Kowalska")): Object: 'Object Repository/Page_PSTO webMessenger - Zalogowano/div_Magda Kowalska' is clicked on

2021-12-21 18:41:48 - [MESSAGE][PASSED] - Object: 'Object Repository/Page_PSTO webMessenger - Zalogowano/div_Magda Kowalska' is clicked on

2021-12-21 18:41:48 - [TEST_STEP][PASSED] - setText(findTestObject("Page_PSTO webMessenger - Zalogowano/input_Magda Kowalska_messageInput"), "proba"): Text 'proba' is set on object 'Object Repository/Page_PSTO webMessenger - Zalogowano/input_Magda Kowalska_messageInput'

2021-12-21 18:41:51 - [MESSAGE][PASSED] - Text 'proba' is set on object 'Object Repository/Page_PSTO webMessenger - Zalogowano/input_Magda Kowalska_messageInput'

2021-12-21 18:41:51 - [TEST_STEP][PASSED] - click(findTestObject("Page_PSTO webMessenger - Zalogowano/img_Magda Kowalska_sendButton")): Object: 'Object Repository/Page_PSTO webMessenger - Zalogowano/img_Magda Kowalska_sendButton' is clicked on

2021-12-21 18:41:51 - [MESSAGE][PASSED] - Object: 'Object Repository/Page_PSTO webMessenger - Zalogowano/img_Magda Kowalska_sendButton' is clicked on

2021-12-21 18:41:51 - [TEST_STEP][PASSED] - for (def index : (1..50)): Object: 'Object Repository/Page_PSTO webMessenger - Zalogowano/img_Magda Kowalska_sendButton' is clicked on

2021-12-21 18:41:51 - [TEST_STEP][PASSED] - setText(findTestObject("Page_PSTO webMessenger - Zalogowano/input_Magda Kowalska_messageInput"), "a"): Text 'a' is set on object 'Object Repository/Page_PSTO webMessenger - Zalogowano/input_Magda Kowalska_messageInput'

2021-12-21 18:41:52 - [MESSAGE][PASSED] - Text 'a' is set on object 'Object Repository/Page_PSTO webMessenger - Zalogowano/input_Magda Kowalska_messageInput'

2021-12-21 18:41:52 - [TEST_STEP][PASSED] - click(findTestObject("Page_PSTO webMessenger - Zalogowano/img_Magda Kowalska_sendButton")): Object: 'Object Repository/Page_PSTO webMessenger - Zalogowano/img_Magda Kowalska_sendButton' is clicked on

2021-12-21 18:41:53 - [MESSAGE][PASSED] - Object: 'Object Repository/Page_PSTO webMessenger - Zalogowano/img_Magda Kowalska_sendButton' is clicked on

2021-12-21 18:41:53 - [TEST_STEP][PASSED] - setText(findTestObject("Page_PSTO webMessenger - Zalogowano/input_Magda Kowalska_messageInput"), "a"): Text 'a' is set on object 'Object Repository/Page_PSTO webMessenger - Zalogowano/input_Magda Kowalska_messageInput'

2021-12-21 18:41:55 - [MESSAGE][PASSED] - Text 'a' is set on object 'Object Repository/Page_PSTO webMessenger - Zalogowano/input_Magda Kowalska_messageInput'

2021-12-21 18:41:55 - [TEST_STEP][PASSED] - click(findTestObject("Page_PSTO webMessenger - Zalogowano/img_Magda Kowalska_sendButton")): Object: 'Object Repository/Page_PSTO webMessenger - Zalogowano/img_Magda Kowalska_sendButton' is clicked on

2021-12-21 18:41:56 - [MESSAGE][PASSED] - Object: 'Object Repository/Page_PSTO webMessenger - Zalogowano/img_Magda Kowalska_sendButton' is clicked on

2021-12-21 18:41:56 - [TEST_STEP][PASSED] - setText(findTestObject("Page_PSTO webMessenger - Zalogowano/input_Magda Kowalska_messageInput"), "a"): Text 'a' is set on object 'Object Repository/Page_PSTO webMessenger - Zalogowano/input_Magda Kowalska_messageInput'

2021-12-21 18:41:57 - [MESSAGE][PASSED] - Text 'a' is set on object 'Object Repository/Page_PSTO webMessenger - Zalogowano/input_Magda Kowalska_messageInput'

2021-12-21 18:41:57 - [TEST_STEP][PASSED] - click(findTestObject("Page_PSTO webMessenger - Zalogowano/img_Magda Kowalska_sendButton")): Object: 'Object Repository/Page_PSTO webMessenger - Zalogowano/img_Magda Kowalska_sendButton' is clicked on

2021-12-21 18:41:57 - [MESSAGE][PASSED] - Object: 'Object Repository/Page_PSTO webMessenger - Zalogowano/img_Magda Kowalska_sendButton' is clicked on

2021-12-21 18:41:57 - [TEST_STEP][PASSED] - setText(findTestObject("Page_PSTO webMessenger - Zalogowano/input_Magda Kowalska_messageInput"), "a"): Text 'a' is set on object 'Object Repository/Page_PSTO webMessenger - Zalogowano/input_Magda Kowalska_messageInput'

2021-12-21 18:41:58 - [MESSAGE][PASSED] - Text 'a' is set on object 'Object Repository/Page_PSTO webMessenger - Zalogowano/input_Magda Kowalska_messageInput'

2021-12-21 18:41:58 - [TEST_STEP][PASSED] - click(findTestObject("Page_PSTO webMessenger - Zalogowano/img_Magda Kowalska_sendButton")): Object: 'Object Repository/Page_PSTO webMessenger - Zalogowano/img_Magda Kowalska_sendButton' is clicked on

2021-12-21 18:41:59 - [MESSAGE][PASSED] - Object: 'Object Repository/Page_PSTO webMessenger - Zalogowano/img_Magda Kowalska_sendButton' is clicked on

2021-12-21 18:41:59 - [TEST_STEP][PASSED] - setText(findTestObject("Page_PSTO webMessenger - Zalogowano/input_Magda Kowalska_messageInput"), "a"): Text 'a' is set on object 'Object Repository/Page_PSTO webMessenger - Zalogowano/input_Magda Kowalska_messageInput'

2021-12-21 18:41:59 - [MESSAGE][PASSED] - Text 'a' is set on object 'Object Repository/Page_PSTO webMessenger - Zalogowano/input_Magda Kowalska_messageInput'

2021-12-21 18:41:59 - [TEST_STEP][PASSED] - click(findTestObject("Page_PSTO webMessenger - Zalogowano/img_Magda Kowalska_sendButton")): Object: 'Object Repository/Page_PSTO webMessenger - Zalogowano/img_Magda Kowalska_sendButton' is clicked on

2021-12-21 18:42:00 - [MESSAGE][PASSED] - Object: 'Object Repository/Page_PSTO webMessenger - Zalogowano/img_Magda Kowalska_sendButton' is clicked on

2021-12-21 18:42:00 - [TEST_STEP][PASSED] - setText(findTestObject("Page_PSTO webMessenger - Zalogowano/input_Magda Kowalska_messageInput"), "a"): Text 'a' is set on object 'Object Repository/Page_PSTO webMessenger - Zalogowano/input_Magda Kowalska_messageInput'

2021-12-21 18:42:01 - [MESSAGE][PASSED] - Text 'a' is set on object 'Object Repository/Page_PSTO webMessenger - Zalogowano/input_Magda Kowalska_messageInput'

2021-12-21 18:42:01 - [TEST_STEP][PASSED] - click(findTestObject("Page_PSTO webMessenger - Zalogowano/img_Magda Kowalska_sendButton")): Object: 'Object Repository/Page_PSTO webMessenger - Zalogowano/img_Magda Kowalska_sendButton' is clicked on

2021-12-21 18:42:01 - [MESSAGE][PASSED] - Object: 'Object Repository/Page_PSTO webMessenger - Zalogowano/img_Magda Kowalska_sendButton' is clicked on

2021-12-21 18:42:01 - [TEST_STEP][PASSED] - setText(findTestObject("Page_PSTO webMessenger - Zalogowano/input_Magda Kowalska_messageInput"), "a"): Text 'a' is set on object 'Object Repository/Page_PSTO webMessenger - Zalogowano/input_Magda Kowalska_messageInput'

2021-12-21 18:42:02 - [MESSAGE][PASSED] - Text 'a' is set on object 'Object Repository/Page_PSTO webMessenger - Zalogowano/input_Magda Kowalska_messageInput'

2021-12-21 18:42:02 - [TEST_STEP][PASSED] - click(findTestObject("Page_PSTO webMessenger - Zalogowano/img_Magda Kowalska_sendButton")): Object: 'Object Repository/Page_PSTO webMessenger - Zalogowano/img_Magda Kowalska_sendButton' is clicked on

2021-12-21 18:42:03 - [MESSAGE][PASSED] - Object: 'Object Repository/Page_PSTO webMessenger - Zalogowano/img_Magda Kowalska_sendButton' is clicked on

2021-12-21 18:42:03 - [TEST_STEP][PASSED] - setText(findTestObject("Page_PSTO webMessenger - Zalogowano/input_Magda Kowalska_messageInput"), "a"): Text 'a' is set on object 'Object Repository/Page_PSTO webMessenger - Zalogowano/input_Magda Kowalska_messageInput'

2021-12-21 18:42:05 - [MESSAGE][PASSED] - Text 'a' is set on object 'Object Repository/Page_PSTO webMessenger - Zalogowano/input_Magda Kowalska_messageInput'

2021-12-21 18:42:05 - [TEST_STEP][PASSED] - click(findTestObject("Page_PSTO webMessenger - Zalogowano/img_Magda Kowalska_sendButton")): Object: 'Object Repository/Page_PSTO webMessenger - Zalogowano/img_Magda Kowalska_sendButton' is clicked on

2021-12-21 18:42:06 - [MESSAGE][PASSED] - Object: 'Object Repository/Page_PSTO webMessenger - Zalogowano/img_Magda Kowalska_sendButton' is clicked on

2021-12-21 18:42:06 - [TEST_STEP][PASSED] - setText(findTestObject("Page_PSTO webMessenger - Zalogowano/input_Magda Kowalska_messageInput"), "a"): Text 'a' is set on object 'Object Repository/Page_PSTO webMessenger - Zalogowano/input_Magda Kowalska_messageInput'

2021-12-21 18:42:06 - [MESSAGE][PASSED] - Text 'a' is set on object 'Object Repository/Page_PSTO webMessenger - Zalogowano/input_Magda Kowalska_messageInput'

2021-12-21 18:42:06 - [TEST_STEP][PASSED] - click(findTestObject("Page_PSTO webMessenger - Zalogowano/img_Magda Kowalska_sendButton")): Object: 'Object Repository/Page_PSTO webMessenger - Zalogowano/img_Magda Kowalska_sendButton' is clicked on

2021-12-21 18:42:07 - [MESSAGE][PASSED] - Object: 'Object Repository/Page_PSTO webMessenger - Zalogowano/img_Magda Kowalska_sendButton' is clicked on

2021-12-21 18:42:07 - [TEST_STEP][PASSED] - setText(findTestObject("Page_PSTO webMessenger - Zalogowano/input_Magda Kowalska_messageInput"), "a"): Text 'a' is set on object 'Object Repository/Page_PSTO webMessenger - Zalogowano/input_Magda Kowalska_messageInput'

2021-12-21 18:42:08 - [MESSAGE][PASSED] - Text 'a' is set on object 'Object Repository/Page_PSTO webMessenger - Zalogowano/input_Magda Kowalska_messageInput'

2021-12-21 18:42:08 - [TEST_STEP][PASSED] - click(findTestObject("Page_PSTO webMessenger - Zalogowano/img_Magda Kowalska_sendButton")): Object: 'Object Repository/Page_PSTO webMessenger - Zalogowano/img_Magda Kowalska_sendButton' is clicked on

2021-12-21 18:42:08 - [MESSAGE][PASSED] - Object: 'Object Repository/Page_PSTO webMessenger - Zalogowano/img_Magda Kowalska_sendButton' is clicked on

2021-12-21 18:42:08 - [TEST_STEP][PASSED] - setText(findTestObject("Page_PSTO webMessenger - Zalogowano/input_Magda Kowalska_messageInput"), "a"): Text 'a' is set on object 'Object Repository/Page_PSTO webMessenger - Zalogowano/input_Magda Kowalska_messageInput'

2021-12-21 18:42:09 - [MESSAGE][PASSED] - Text 'a' is set on object 'Object Repository/Page_PSTO webMessenger - Zalogowano/input_Magda Kowalska_messageInput'

2021-12-21 18:42:09 - [TEST_STEP][PASSED] - click(findTestObject("Page_PSTO webMessenger - Zalogowano/img_Magda Kowalska_sendButton")): Object: 'Object Repository/Page_PSTO webMessenger - Zalogowano/img_Magda Kowalska_sendButton' is clicked on

2021-12-21 18:42:10 - [MESSAGE][PASSED] - Object: 'Object Repository/Page_PSTO webMessenger - Zalogowano/img_Magda Kowalska_sendButton' is clicked on

2021-12-21 18:42:10 - [TEST_STEP][PASSED] - setText(findTestObject("Page_PSTO webMessenger - Zalogowano/input_Magda Kowalska_messageInput"), "a"): Text 'a' is set on object 'Object Repository/Page_PSTO webMessenger - Zalogowano/input_Magda Kowalska_messageInput'

2021-12-21 18:42:11 - [MESSAGE][PASSED] - Text 'a' is set on object 'Object Repository/Page_PSTO webMessenger - Zalogowano/input_Magda Kowalska_messageInput'

2021-12-21 18:42:11 - [TEST_STEP][PASSED] - click(findTestObject("Page_PSTO webMessenger - Zalogowano/img_Magda Kowalska_sendButton")): Object: 'Object Repository/Page_PSTO webMessenger - Zalogowano/img_Magda Kowalska_sendButton' is clicked on

2021-12-21 18:42:11 - [MESSAGE][PASSED] - Object: 'Object Repository/Page_PSTO webMessenger - Zalogowano/img_Magda Kowalska_sendButton' is clicked on

2021-12-21 18:42:11 - [TEST_STEP][PASSED] - setText(findTestObject("Page_PSTO webMessenger - Zalogowano/input_Magda Kowalska_messageInput"), "a"): Text 'a' is set on object 'Object Repository/Page_PSTO webMessenger - Zalogowano/input_Magda Kowalska_messageInput'

2021-12-21 18:42:12 - [MESSAGE][PASSED] - Text 'a' is set on object 'Object Repository/Page_PSTO webMessenger - Zalogowano/input_Magda Kowalska_messageInput'

2021-12-21 18:42:12 - [TEST_STEP][PASSED] - click(findTestObject("Page_PSTO webMessenger - Zalogowano/img_Magda Kowalska_sendButton")): Object: 'Object Repository/Page_PSTO webMessenger - Zalogowano/img_Magda Kowalska_sendButton' is clicked on

2021-12-21 18:42:13 - [MESSAGE][PASSED] - Object: 'Object Repository/Page_PSTO webMessenger - Zalogowano/img_Magda Kowalska_sendButton' is clicked on

2021-12-21 18:42:13 - [TEST_STEP][PASSED] - setText(findTestObject("Page_PSTO webMessenger - Zalogowano/input_Magda Kowalska_messageInput"), "a"): Text 'a' is set on object 'Object Repository/Page_PSTO webMessenger - Zalogowano/input_Magda Kowalska_messageInput'

2021-12-21 18:42:13 - [MESSAGE][PASSED] - Text 'a' is set on object 'Object Repository/Page_PSTO webMessenger - Zalogowano/input_Magda Kowalska_messageInput'

2021-12-21 18:42:13 - [TEST_STEP][PASSED] - click(findTestObject("Page_PSTO webMessenger - Zalogowano/img_Magda Kowalska_sendButton")): Object: 'Object Repository/Page_PSTO webMessenger - Zalogowano/img_Magda Kowalska_sendButton' is clicked on

2021-12-21 18:42:15 - [MESSAGE][PASSED] - Object: 'Object Repository/Page_PSTO webMessenger - Zalogowano/img_Magda Kowalska_sendButton' is clicked on

2021-12-21 18:42:15 - [TEST_STEP][PASSED] - setText(findTestObject("Page_PSTO webMessenger - Zalogowano/input_Magda Kowalska_messageInput"), "a"): Text 'a' is set on object 'Object Repository/Page_PSTO webMessenger - Zalogowano/input_Magda Kowalska_messageInput'

2021-12-21 18:42:16 - [MESSAGE][PASSED] - Text 'a' is set on object 'Object Repository/Page_PSTO webMessenger - Zalogowano/input_Magda Kowalska_messageInput'

2021-12-21 18:42:16 - [TEST_STEP][PASSED] - click(findTestObject("Page_PSTO webMessenger - Zalogowano/img_Magda Kowalska_sendButton")): Object: 'Object Repository/Page_PSTO webMessenger - Zalogowano/img_Magda Kowalska_sendButton' is clicked on

2021-12-21 18:42:17 - [MESSAGE][PASSED] - Object: 'Object Repository/Page_PSTO webMessenger - Zalogowano/img_Magda Kowalska_sendButton' is clicked on

2021-12-21 18:42:17 - [TEST_STEP][PASSED] - setText(findTestObject("Page_PSTO webMessenger - Zalogowano/input_Magda Kowalska_messageInput"), "a"): Text 'a' is set on object 'Object Repository/Page_PSTO webMessenger - Zalogowano/input_Magda Kowalska_messageInput'

2021-12-21 18:42:17 - [MESSAGE][PASSED] - Text 'a' is set on object 'Object Repository/Page_PSTO webMessenger - Zalogowano/input_Magda Kowalska_messageInput'

2021-12-21 18:42:18 - [TEST_STEP][PASSED] - click(findTestObject("Page_PSTO webMessenger - Zalogowano/img_Magda Kowalska_sendButton")): Object: 'Object Repository/Page_PSTO webMessenger - Zalogowano/img_Magda Kowalska_sendButton' is clicked on

2021-12-21 18:42:18 - [MESSAGE][PASSED] - Object: 'Object Repository/Page_PSTO webMessenger - Zalogowano/img_Magda Kowalska_sendButton' is clicked on

2021-12-21 18:42:18 - [TEST_STEP][PASSED] - setText(findTestObject("Page_PSTO webMessenger - Zalogowano/input_Magda Kowalska_messageInput"), "a"): Text 'a' is set on object 'Object Repository/Page_PSTO webMessenger - Zalogowano/input_Magda Kowalska_messageInput'

2021-12-21 18:42:19 - [MESSAGE][PASSED] - Text 'a' is set on object 'Object Repository/Page_PSTO webMessenger - Zalogowano/input_Magda Kowalska_messageInput'

2021-12-21 18:42:19 - [TEST_STEP][PASSED] - click(findTestObject("Page_PSTO webMessenger - Zalogowano/img_Magda Kowalska_sendButton")): Object: 'Object Repository/Page_PSTO webMessenger - Zalogowano/img_Magda Kowalska_sendButton' is clicked on

2021-12-21 18:42:20 - [MESSAGE][PASSED] - Object: 'Object Repository/Page_PSTO webMessenger - Zalogowano/img_Magda Kowalska_sendButton' is clicked on

2021-12-21 18:42:20 - [TEST_STEP][PASSED] - setText(findTestObject("Page_PSTO webMessenger - Zalogowano/input_Magda Kowalska_messageInput"), "a"): Text 'a' is set on object 'Object Repository/Page_PSTO webMessenger - Zalogowano/input_Magda Kowalska_messageInput'

2021-12-21 18:42:21 - [MESSAGE][PASSED] - Text 'a' is set on object 'Object Repository/Page_PSTO webMessenger - Zalogowano/input_Magda Kowalska_messageInput'

2021-12-21 18:42:21 - [TEST_STEP][PASSED] - click(findTestObject("Page_PSTO webMessenger - Zalogowano/img_Magda Kowalska_sendButton")): Object: 'Object Repository/Page_PSTO webMessenger - Zalogowano/img_Magda Kowalska_sendButton' is clicked on

2021-12-21 18:42:21 - [MESSAGE][PASSED] - Object: 'Object Repository/Page_PSTO webMessenger - Zalogowano/img_Magda Kowalska_sendButton' is clicked on

2021-12-21 18:42:21 - [TEST_STEP][PASSED] - setText(findTestObject("Page_PSTO webMessenger - Zalogowano/input_Magda Kowalska_messageInput"), "a"): Text 'a' is set on object 'Object Repository/Page_PSTO webMessenger - Zalogowano/input_Magda Kowalska_messageInput'

2021-12-21 18:42:22 - [MESSAGE][PASSED] - Text 'a' is set on object 'Object Repository/Page_PSTO webMessenger - Zalogowano/input_Magda Kowalska_messageInput'

2021-12-21 18:42:22 - [TEST_STEP][PASSED] - click(findTestObject("Page_PSTO webMessenger - Zalogowano/img_Magda Kowalska_sendButton")): Object: 'Object Repository/Page_PSTO webMessenger - Zalogowano/img_Magda Kowalska_sendButton' is clicked on

2021-12-21 18:42:22 - [MESSAGE][PASSED] - Object: 'Object Repository/Page_PSTO webMessenger - Zalogowano/img_Magda Kowalska_sendButton' is clicked on

2021-12-21 18:42:22 - [TEST_STEP][PASSED] - setText(findTestObject("Page_PSTO webMessenger - Zalogowano/input_Magda Kowalska_messageInput"), "a"): Text 'a' is set on object 'Object Repository/Page_PSTO webMessenger - Zalogowano/input_Magda Kowalska_messageInput'

2021-12-21 18:42:23 - [MESSAGE][PASSED] - Text 'a' is set on object 'Object Repository/Page_PSTO webMessenger - Zalogowano/input_Magda Kowalska_messageInput'

2021-12-21 18:42:23 - [TEST_STEP][PASSED] - click(findTestObject("Page_PSTO webMessenger - Zalogowano/img_Magda Kowalska_sendButton")): Object: 'Object Repository/Page_PSTO webMessenger - Zalogowano/img_Magda Kowalska_sendButton' is clicked on

2021-12-21 18:42:24 - [MESSAGE][PASSED] - Object: 'Object Repository/Page_PSTO webMessenger - Zalogowano/img_Magda Kowalska_sendButton' is clicked on

2021-12-21 18:42:24 - [TEST_STEP][PASSED] - setText(findTestObject("Page_PSTO webMessenger - Zalogowano/input_Magda Kowalska_messageInput"), "a"): Text 'a' is set on object 'Object Repository/Page_PSTO webMessenger - Zalogowano/input_Magda Kowalska_messageInput'

2021-12-21 18:42:26 - [MESSAGE][PASSED] - Text 'a' is set on object 'Object Repository/Page_PSTO webMessenger - Zalogowano/input_Magda Kowalska_messageInput'

2021-12-21 18:42:26 - [TEST_STEP][PASSED] - click(findTestObject("Page_PSTO webMessenger - Zalogowano/img_Magda Kowalska_sendButton")): Object: 'Object Repository/Page_PSTO webMessenger - Zalogowano/img_Magda Kowalska_sendButton' is clicked on

2021-12-21 18:42:26 - [MESSAGE][PASSED] - Object: 'Object Repository/Page_PSTO webMessenger - Zalogowano/img_Magda Kowalska_sendButton' is clicked on

2021-12-21 18:42:26 - [TEST_STEP][PASSED] - setText(findTestObject("Page_PSTO webMessenger - Zalogowano/input_Magda Kowalska_messageInput"), "a"): Text 'a' is set on object 'Object Repository/Page_PSTO webMessenger - Zalogowano/input_Magda Kowalska_messageInput'

2021-12-21 18:42:27 - [MESSAGE][PASSED] - Text 'a' is set on object 'Object Repository/Page_PSTO webMessenger - Zalogowano/input_Magda Kowalska_messageInput'

2021-12-21 18:42:27 - [TEST_STEP][PASSED] - click(findTestObject("Page_PSTO webMessenger - Zalogowano/img_Magda Kowalska_sendButton")): Object: 'Object Repository/Page_PSTO webMessenger - Zalogowano/img_Magda Kowalska_sendButton' is clicked on

2021-12-21 18:42:27 - [MESSAGE][PASSED] - Object: 'Object Repository/Page_PSTO webMessenger - Zalogowano/img_Magda Kowalska_sendButton' is clicked on

2021-12-21 18:42:27 - [TEST_STEP][PASSED] - setText(findTestObject("Page_PSTO webMessenger - Zalogowano/input_Magda Kowalska_messageInput"), "a"): Text 'a' is set on object 'Object Repository/Page_PSTO webMessenger - Zalogowano/input_Magda Kowalska_messageInput'

2021-12-21 18:42:28 - [MESSAGE][PASSED] - Text 'a' is set on object 'Object Repository/Page_PSTO webMessenger - Zalogowano/input_Magda Kowalska_messageInput'

2021-12-21 18:42:28 - [TEST_STEP][PASSED] - click(findTestObject("Page_PSTO webMessenger - Zalogowano/img_Magda Kowalska_sendButton")): Object: 'Object Repository/Page_PSTO webMessenger - Zalogowano/img_Magda Kowalska_sendButton' is clicked on

2021-12-21 18:42:29 - [MESSAGE][PASSED] - Object: 'Object Repository/Page_PSTO webMessenger - Zalogowano/img_Magda Kowalska_sendButton' is clicked on

2021-12-21 18:42:29 - [TEST_STEP][PASSED] - setText(findTestObject("Page_PSTO webMessenger - Zalogowano/input_Magda Kowalska_messageInput"), "a"): Text 'a' is set on object 'Object Repository/Page_PSTO webMessenger - Zalogowano/input_Magda Kowalska_messageInput'

2021-12-21 18:42:30 - [MESSAGE][PASSED] - Text 'a' is set on object 'Object Repository/Page_PSTO webMessenger - Zalogowano/input_Magda Kowalska_messageInput'

2021-12-21 18:42:30 - [TEST_STEP][PASSED] - click(findTestObject("Page_PSTO webMessenger - Zalogowano/img_Magda Kowalska_sendButton")): Object: 'Object Repository/Page_PSTO webMessenger - Zalogowano/img_Magda Kowalska_sendButton' is clicked on

2021-12-21 18:42:30 - [MESSAGE][PASSED] - Object: 'Object Repository/Page_PSTO webMessenger - Zalogowano/img_Magda Kowalska_sendButton' is clicked on

2021-12-21 18:42:30 - [TEST_STEP][PASSED] - setText(findTestObject("Page_PSTO webMessenger - Zalogowano/input_Magda Kowalska_messageInput"), "a"): Text 'a' is set on object 'Object Repository/Page_PSTO webMessenger - Zalogowano/input_Magda Kowalska_messageInput'

2021-12-21 18:42:31 - [MESSAGE][PASSED] - Text 'a' is set on object 'Object Repository/Page_PSTO webMessenger - Zalogowano/input_Magda Kowalska_messageInput'

2021-12-21 18:42:31 - [TEST_STEP][PASSED] - click(findTestObject("Page_PSTO webMessenger - Zalogowano/img_Magda Kowalska_sendButton")): Object: 'Object Repository/Page_PSTO webMessenger - Zalogowano/img_Magda Kowalska_sendButton' is clicked on

2021-12-21 18:42:32 - [MESSAGE][PASSED] - Object: 'Object Repository/Page_PSTO webMessenger - Zalogowano/img_Magda Kowalska_sendButton' is clicked on

2021-12-21 18:42:32 - [TEST_STEP][PASSED] - setText(findTestObject("Page_PSTO webMessenger - Zalogowano/input_Magda Kowalska_messageInput"), "a"): Text 'a' is set on object 'Object Repository/Page_PSTO webMessenger - Zalogowano/input_Magda Kowalska_messageInput'

2021-12-21 18:42:33 - [MESSAGE][PASSED] - Text 'a' is set on object 'Object Repository/Page_PSTO webMessenger - Zalogowano/input_Magda Kowalska_messageInput'

2021-12-21 18:42:33 - [TEST_STEP][PASSED] - click(findTestObject("Page_PSTO webMessenger - Zalogowano/img_Magda Kowalska_sendButton")): Object: 'Object Repository/Page_PSTO webMessenger - Zalogowano/img_Magda Kowalska_sendButton' is clicked on

2021-12-21 18:42:33 - [MESSAGE][PASSED] - Object: 'Object Repository/Page_PSTO webMessenger - Zalogowano/img_Magda Kowalska_sendButton' is clicked on

2021-12-21 18:42:33 - [TEST_STEP][PASSED] - setText(findTestObject("Page_PSTO webMessenger - Zalogowano/input_Magda Kowalska_messageInput"), "a"): Text 'a' is set on object 'Object Repository/Page_PSTO webMessenger - Zalogowano/input_Magda Kowalska_messageInput'

2021-12-21 18:42:35 - [MESSAGE][PASSED] - Text 'a' is set on object 'Object Repository/Page_PSTO webMessenger - Zalogowano/input_Magda Kowalska_messageInput'

2021-12-21 18:42:35 - [TEST_STEP][PASSED] - click(findTestObject("Page_PSTO webMessenger - Zalogowano/img_Magda Kowalska_sendButton")): Object: 'Object Repository/Page_PSTO webMessenger - Zalogowano/img_Magda Kowalska_sendButton' is clicked on

2021-12-21 18:42:36 - [MESSAGE][PASSED] - Object: 'Object Repository/Page_PSTO webMessenger - Zalogowano/img_Magda Kowalska_sendButton' is clicked on

2021-12-21 18:42:36 - [TEST_STEP][PASSED] - setText(findTestObject("Page_PSTO webMessenger - Zalogowano/input_Magda Kowalska_messageInput"), "a"): Text 'a' is set on object 'Object Repository/Page_PSTO webMessenger - Zalogowano/input_Magda Kowalska_messageInput'

2021-12-21 18:42:37 - [MESSAGE][PASSED] - Text 'a' is set on object 'Object Repository/Page_PSTO webMessenger - Zalogowano/input_Magda Kowalska_messageInput'

2021-12-21 18:42:37 - [TEST_STEP][PASSED] - click(findTestObject("Page_PSTO webMessenger - Zalogowano/img_Magda Kowalska_sendButton")): Object: 'Object Repository/Page_PSTO webMessenger - Zalogowano/img_Magda Kowalska_sendButton' is clicked on

2021-12-21 18:42:37 - [MESSAGE][PASSED] - Object: 'Object Repository/Page_PSTO webMessenger - Zalogowano/img_Magda Kowalska_sendButton' is clicked on

2021-12-21 18:42:37 - [TEST_STEP][PASSED] - setText(findTestObject("Page_PSTO webMessenger - Zalogowano/input_Magda Kowalska_messageInput"), "a"): Text 'a' is set on object 'Object Repository/Page_PSTO webMessenger - Zalogowano/input_Magda Kowalska_messageInput'

2021-12-21 18:42:38 - [MESSAGE][PASSED] - Text 'a' is set on object 'Object Repository/Page_PSTO webMessenger - Zalogowano/input_Magda Kowalska_messageInput'

2021-12-21 18:42:38 - [TEST_STEP][PASSED] - click(findTestObject("Page_PSTO webMessenger - Zalogowano/img_Magda Kowalska_sendButton")): Object: 'Object Repository/Page_PSTO webMessenger - Zalogowano/img_Magda Kowalska_sendButton' is clicked on

2021-12-21 18:42:38 - [MESSAGE][PASSED] - Object: 'Object Repository/Page_PSTO webMessenger - Zalogowano/img_Magda Kowalska_sendButton' is clicked on

2021-12-21 18:42:38 - [TEST_STEP][PASSED] - setText(findTestObject("Page_PSTO webMessenger - Zalogowano/input_Magda Kowalska_messageInput"), "a"): Text 'a' is set on object 'Object Repository/Page_PSTO webMessenger - Zalogowano/input_Magda Kowalska_messageInput'

2021-12-21 18:42:39 - [MESSAGE][PASSED] - Text 'a' is set on object 'Object Repository/Page_PSTO webMessenger - Zalogowano/input_Magda Kowalska_messageInput'

2021-12-21 18:42:39 - [TEST_STEP][PASSED] - click(findTestObject("Page_PSTO webMessenger - Zalogowano/img_Magda Kowalska_sendButton")): Object: 'Object Repository/Page_PSTO webMessenger - Zalogowano/img_Magda Kowalska_sendButton' is clicked on

2021-12-21 18:42:40 - [MESSAGE][PASSED] - Object: 'Object Repository/Page_PSTO webMessenger - Zalogowano/img_Magda Kowalska_sendButton' is clicked on

2021-12-21 18:42:40 - [TEST_STEP][PASSED] - setText(findTestObject("Page_PSTO webMessenger - Zalogowano/input_Magda Kowalska_messageInput"), "a"): Text 'a' is set on object 'Object Repository/Page_PSTO webMessenger - Zalogowano/input_Magda Kowalska_messageInput'

2021-12-21 18:42:41 - [MESSAGE][PASSED] - Text 'a' is set on object 'Object Repository/Page_PSTO webMessenger - Zalogowano/input_Magda Kowalska_messageInput'

2021-12-21 18:42:41 - [TEST_STEP][PASSED] - click(findTestObject("Page_PSTO webMessenger - Zalogowano/img_Magda Kowalska_sendButton")): Object: 'Object Repository/Page_PSTO webMessenger - Zalogowano/img_Magda Kowalska_sendButton' is clicked on

2021-12-21 18:42:41 - [MESSAGE][PASSED] - Object: 'Object Repository/Page_PSTO webMessenger - Zalogowano/img_Magda Kowalska_sendButton' is clicked on

2021-12-21 18:42:41 - [TEST_STEP][PASSED] - setText(findTestObject("Page_PSTO webMessenger - Zalogowano/input_Magda Kowalska_messageInput"), "a"): Text 'a' is set on object 'Object Repository/Page_PSTO webMessenger - Zalogowano/input_Magda Kowalska_messageInput'

2021-12-21 18:42:42 - [MESSAGE][PASSED] - Text 'a' is set on object 'Object Repository/Page_PSTO webMessenger - Zalogowano/input_Magda Kowalska_messageInput'

2021-12-21 18:42:42 - [TEST_STEP][PASSED] - click(findTestObject("Page_PSTO webMessenger - Zalogowano/img_Magda Kowalska_sendButton")): Object: 'Object Repository/Page_PSTO webMessenger - Zalogowano/img_Magda Kowalska_sendButton' is clicked on

2021-12-21 18:42:43 - [MESSAGE][PASSED] - Object: 'Object Repository/Page_PSTO webMessenger - Zalogowano/img_Magda Kowalska_sendButton' is clicked on

2021-12-21 18:42:43 - [TEST_STEP][PASSED] - setText(findTestObject("Page_PSTO webMessenger - Zalogowano/input_Magda Kowalska_messageInput"), "a"): Text 'a' is set on object 'Object Repository/Page_PSTO webMessenger - Zalogowano/input_Magda Kowalska_messageInput'

2021-12-21 18:42:43 - [MESSAGE][PASSED] - Text 'a' is set on object 'Object Repository/Page_PSTO webMessenger - Zalogowano/input_Magda Kowalska_messageInput'

2021-12-21 18:42:43 - [TEST_STEP][PASSED] - click(findTestObject("Page_PSTO webMessenger - Zalogowano/img_Magda Kowalska_sendButton")): Object: 'Object Repository/Page_PSTO webMessenger - Zalogowano/img_Magda Kowalska_sendButton' is clicked on

2021-12-21 18:42:45 - [MESSAGE][PASSED] - Object: 'Object Repository/Page_PSTO webMessenger - Zalogowano/img_Magda Kowalska_sendButton' is clicked on

2021-12-21 18:42:45 - [TEST_STEP][PASSED] - setText(findTestObject("Page_PSTO webMessenger - Zalogowano/input_Magda Kowalska_messageInput"), "a"): Text 'a' is set on object 'Object Repository/Page_PSTO webMessenger - Zalogowano/input_Magda Kowalska_messageInput'

2021-12-21 18:42:46 - [MESSAGE][PASSED] - Text 'a' is set on object 'Object Repository/Page_PSTO webMessenger - Zalogowano/input_Magda Kowalska_messageInput'

2021-12-21 18:42:46 - [TEST_STEP][PASSED] - click(findTestObject("Page_PSTO webMessenger - Zalogowano/img_Magda Kowalska_sendButton")): Object: 'Object Repository/Page_PSTO webMessenger - Zalogowano/img_Magda Kowalska_sendButton' is clicked on

2021-12-21 18:42:47 - [MESSAGE][PASSED] - Object: 'Object Repository/Page_PSTO webMessenger - Zalogowano/img_Magda Kowalska_sendButton' is clicked on

2021-12-21 18:42:47 - [TEST_STEP][PASSED] - setText(findTestObject("Page_PSTO webMessenger - Zalogowano/input_Magda Kowalska_messageInput"), "a"): Text 'a' is set on object 'Object Repository/Page_PSTO webMessenger - Zalogowano/input_Magda Kowalska_messageInput'

2021-12-21 18:42:47 - [MESSAGE][PASSED] - Text 'a' is set on object 'Object Repository/Page_PSTO webMessenger - Zalogowano/input_Magda Kowalska_messageInput'

2021-12-21 18:42:47 - [TEST_STEP][PASSED] - click(findTestObject("Page_PSTO webMessenger - Zalogowano/img_Magda Kowalska_sendButton")): Object: 'Object Repository/Page_PSTO webMessenger - Zalogowano/img_Magda Kowalska_sendButton' is clicked on

2021-12-21 18:42:48 - [MESSAGE][PASSED] - Object: 'Object Repository/Page_PSTO webMessenger - Zalogowano/img_Magda Kowalska_sendButton' is clicked on

2021-12-21 18:42:48 - [TEST_STEP][PASSED] - setText(findTestObject("Page_PSTO webMessenger - Zalogowano/input_Magda Kowalska_messageInput"), "a"): Text 'a' is set on object 'Object Repository/Page_PSTO webMessenger - Zalogowano/input_Magda Kowalska_messageInput'

2021-12-21 18:42:49 - [MESSAGE][PASSED] - Text 'a' is set on object 'Object Repository/Page_PSTO webMessenger - Zalogowano/input_Magda Kowalska_messageInput'

2021-12-21 18:42:49 - [TEST_STEP][PASSED] - click(findTestObject("Page_PSTO webMessenger - Zalogowano/img_Magda Kowalska_sendButton")): Object: 'Object Repository/Page_PSTO webMessenger - Zalogowano/img_Magda Kowalska_sendButton' is clicked on

2021-12-21 18:42:50 - [MESSAGE][PASSED] - Object: 'Object Repository/Page_PSTO webMessenger - Zalogowano/img_Magda Kowalska_sendButton' is clicked on

2021-12-21 18:42:50 - [TEST_STEP][PASSED] - setText(findTestObject("Page_PSTO webMessenger - Zalogowano/input_Magda Kowalska_messageInput"), "a"): Text 'a' is set on object 'Object Repository/Page_PSTO webMessenger - Zalogowano/input_Magda Kowalska_messageInput'

2021-12-21 18:42:51 - [MESSAGE][PASSED] - Text 'a' is set on object 'Object Repository/Page_PSTO webMessenger - Zalogowano/input_Magda Kowalska_messageInput'

2021-12-21 18:42:51 - [TEST_STEP][PASSED] - click(findTestObject("Page_PSTO webMessenger - Zalogowano/img_Magda Kowalska_sendButton")): Object: 'Object Repository/Page_PSTO webMessenger - Zalogowano/img_Magda Kowalska_sendButton' is clicked on

2021-12-21 18:42:52 - [MESSAGE][PASSED] - Object: 'Object Repository/Page_PSTO webMessenger - Zalogowano/img_Magda Kowalska_sendButton' is clicked on

2021-12-21 18:42:52 - [TEST_STEP][PASSED] - setText(findTestObject("Page_PSTO webMessenger - Zalogowano/input_Magda Kowalska_messageInput"), "a"): Text 'a' is set on object 'Object Repository/Page_PSTO webMessenger - Zalogowano/input_Magda Kowalska_messageInput'

2021-12-21 18:42:52 - [MESSAGE][PASSED] - Text 'a' is set on object 'Object Repository/Page_PSTO webMessenger - Zalogowano/input_Magda Kowalska_messageInput'

2021-12-21 18:42:52 - [TEST_STEP][PASSED] - click(findTestObject("Page_PSTO webMessenger - Zalogowano/img_Magda Kowalska_sendButton")): Object: 'Object Repository/Page_PSTO webMessenger - Zalogowano/img_Magda Kowalska_sendButton' is clicked on

2021-12-21 18:42:53 - [MESSAGE][PASSED] - Object: 'Object Repository/Page_PSTO webMessenger - Zalogowano/img_Magda Kowalska_sendButton' is clicked on

2021-12-21 18:42:53 - [TEST_STEP][PASSED] - setText(findTestObject("Page_PSTO webMessenger - Zalogowano/input_Magda Kowalska_messageInput"), "a"): Text 'a' is set on object 'Object Repository/Page_PSTO webMessenger - Zalogowano/input_Magda Kowalska_messageInput'

2021-12-21 18:42:54 - [MESSAGE][PASSED] - Text 'a' is set on object 'Object Repository/Page_PSTO webMessenger - Zalogowano/input_Magda Kowalska_messageInput'

2021-12-21 18:42:54 - [TEST_STEP][PASSED] - click(findTestObject("Page_PSTO webMessenger - Zalogowano/img_Magda Kowalska_sendButton")): Object: 'Object Repository/Page_PSTO webMessenger - Zalogowano/img_Magda Kowalska_sendButton' is clicked on

2021-12-21 18:42:55 - [MESSAGE][PASSED] - Object: 'Object Repository/Page_PSTO webMessenger - Zalogowano/img_Magda Kowalska_sendButton' is clicked on

2021-12-21 18:42:55 - [TEST_STEP][PASSED] - setText(findTestObject("Page_PSTO webMessenger - Zalogowano/input_Magda Kowalska_messageInput"), "a"): Text 'a' is set on object 'Object Repository/Page_PSTO webMessenger - Zalogowano/input_Magda Kowalska_messageInput'

2021-12-21 18:42:56 - [MESSAGE][PASSED] - Text 'a' is set on object 'Object Repository/Page_PSTO webMessenger - Zalogowano/input_Magda Kowalska_messageInput'

2021-12-21 18:42:56 - [TEST_STEP][PASSED] - click(findTestObject("Page_PSTO webMessenger - Zalogowano/img_Magda Kowalska_sendButton")): Object: 'Object Repository/Page_PSTO webMessenger - Zalogowano/img_Magda Kowalska_sendButton' is clicked on

2021-12-21 18:42:57 - [MESSAGE][PASSED] - Object: 'Object Repository/Page_PSTO webMessenger - Zalogowano/img_Magda Kowalska_sendButton' is clicked on

2021-12-21 18:42:57 - [TEST_STEP][PASSED] - setText(findTestObject("Page_PSTO webMessenger - Zalogowano/input_Magda Kowalska_messageInput"), "a"): Text 'a' is set on object 'Object Repository/Page_PSTO webMessenger - Zalogowano/input_Magda Kowalska_messageInput'

2021-12-21 18:42:57 - [MESSAGE][PASSED] - Text 'a' is set on object 'Object Repository/Page_PSTO webMessenger - Zalogowano/input_Magda Kowalska_messageInput'

2021-12-21 18:42:57 - [TEST_STEP][PASSED] - click(findTestObject("Page_PSTO webMessenger - Zalogowano/img_Magda Kowalska_sendButton")): Object: 'Object Repository/Page_PSTO webMessenger - Zalogowano/img_Magda Kowalska_sendButton' is clicked on

2021-12-21 18:42:58 - [MESSAGE][PASSED] - Object: 'Object Repository/Page_PSTO webMessenger - Zalogowano/img_Magda Kowalska_sendButton' is clicked on

2021-12-21 18:42:58 - [TEST_STEP][PASSED] - setText(findTestObject("Page_PSTO webMessenger - Zalogowano/input_Magda Kowalska_messageInput"), "a"): Text 'a' is set on object 'Object Repository/Page_PSTO webMessenger - Zalogowano/input_Magda Kowalska_messageInput'

2021-12-21 18:42:59 - [MESSAGE][PASSED] - Text 'a' is set on object 'Object Repository/Page_PSTO webMessenger - Zalogowano/input_Magda Kowalska_messageInput'

2021-12-21 18:42:59 - [TEST_STEP][PASSED] - click(findTestObject("Page_PSTO webMessenger - Zalogowano/img_Magda Kowalska_sendButton")): Object: 'Object Repository/Page_PSTO webMessenger - Zalogowano/img_Magda Kowalska_sendButton' is clicked on

2021-12-21 18:43:00 - [MESSAGE][PASSED] - Object: 'Object Repository/Page_PSTO webMessenger - Zalogowano/img_Magda Kowalska_sendButton' is clicked on

2021-12-21 18:43:00 - [TEST_STEP][PASSED] - setText(findTestObject("Page_PSTO webMessenger - Zalogowano/input_Magda Kowalska_messageInput"), "a"): Text 'a' is set on object 'Object Repository/Page_PSTO webMessenger - Zalogowano/input_Magda Kowalska_messageInput'

2021-12-21 18:43:01 - [MESSAGE][PASSED] - Text 'a' is set on object 'Object Repository/Page_PSTO webMessenger - Zalogowano/input_Magda Kowalska_messageInput'

2021-12-21 18:43:01 - [TEST_STEP][PASSED] - click(findTestObject("Page_PSTO webMessenger - Zalogowano/img_Magda Kowalska_sendButton")): Object: 'Object Repository/Page_PSTO webMessenger - Zalogowano/img_Magda Kowalska_sendButton' is clicked on

2021-12-21 18:43:01 - [MESSAGE][PASSED] - Object: 'Object Repository/Page_PSTO webMessenger - Zalogowano/img_Magda Kowalska_sendButton' is clicked on

2021-12-21 18:43:01 - [TEST_STEP][PASSED] - setText(findTestObject("Page_PSTO webMessenger - Zalogowano/input_Magda Kowalska_messageInput"), "a"): Text 'a' is set on object 'Object Repository/Page_PSTO webMessenger - Zalogowano/input_Magda Kowalska_messageInput'

2021-12-21 18:43:02 - [MESSAGE][PASSED] - Text 'a' is set on object 'Object Repository/Page_PSTO webMessenger - Zalogowano/input_Magda Kowalska_messageInput'

2021-12-21 18:43:02 - [TEST_STEP][PASSED] - click(findTestObject("Page_PSTO webMessenger - Zalogowano/img_Magda Kowalska_sendButton")): Object: 'Object Repository/Page_PSTO webMessenger - Zalogowano/img_Magda Kowalska_sendButton' is clicked on

2021-12-21 18:43:03 - [MESSAGE][PASSED] - Object: 'Object Repository/Page_PSTO webMessenger - Zalogowano/img_Magda Kowalska_sendButton' is clicked on

2021-12-21 18:43:03 - [TEST_STEP][PASSED] - setText(findTestObject("Page_PSTO webMessenger - Zalogowano/input_Magda Kowalska_messageInput"), "a"): Text 'a' is set on object 'Object Repository/Page_PSTO webMessenger - Zalogowano/input_Magda Kowalska_messageInput'

2021-12-21 18:43:03 - [MESSAGE][PASSED] - Text 'a' is set on object 'Object Repository/Page_PSTO webMessenger - Zalogowano/input_Magda Kowalska_messageInput'

2021-12-21 18:43:03 - [TEST_STEP][PASSED] - click(findTestObject("Page_PSTO webMessenger - Zalogowano/img_Magda Kowalska_sendButton")): Object: 'Object Repository/Page_PSTO webMessenger - Zalogowano/img_Magda Kowalska_sendButton' is clicked on

2021-12-21 18:43:05 - [MESSAGE][PASSED] - Object: 'Object Repository/Page_PSTO webMessenger - Zalogowano/img_Magda Kowalska_sendButton' is clicked on

2021-12-21 18:43:05 - [TEST_STEP][PASSED] - setText(findTestObject("Page_PSTO webMessenger - Zalogowano/input_Magda Kowalska_messageInput"), "a"): Text 'a' is set on object 'Object Repository/Page_PSTO webMessenger - Zalogowano/input_Magda Kowalska_messageInput'

2021-12-21 18:43:06 - [MESSAGE][PASSED] - Text 'a' is set on object 'Object Repository/Page_PSTO webMessenger - Zalogowano/input_Magda Kowalska_messageInput'

2021-12-21 18:43:06 - [TEST_STEP][PASSED] - click(findTestObject("Page_PSTO webMessenger - Zalogowano/img_Magda Kowalska_sendButton")): Object: 'Object Repository/Page_PSTO webMessenger - Zalogowano/img_Magda Kowalska_sendButton' is clicked on

2021-12-21 18:43:07 - [MESSAGE][PASSED] - Object: 'Object Repository/Page_PSTO webMessenger - Zalogowano/img_Magda Kowalska_sendButton' is clicked on

2021-12-21 18:43:07 - [TEST_STEP][PASSED] - setText(findTestObject("Page_PSTO webMessenger - Zalogowano/input_Magda Kowalska_messageInput"), "a"): Text 'a' is set on object 'Object Repository/Page_PSTO webMessenger - Zalogowano/input_Magda Kowalska_messageInput'

2021-12-21 18:43:08 - [MESSAGE][PASSED] - Text 'a' is set on object 'Object Repository/Page_PSTO webMessenger - Zalogowano/input_Magda Kowalska_messageInput'

2021-12-21 18:43:08 - [TEST_STEP][PASSED] - click(findTestObject("Page_PSTO webMessenger - Zalogowano/img_Magda Kowalska_sendButton")): Object: 'Object Repository/Page_PSTO webMessenger - Zalogowano/img_Magda Kowalska_sendButton' is clicked on

2021-12-21 18:43:08 - [MESSAGE][PASSED] - Object: 'Object Repository/Page_PSTO webMessenger - Zalogowano/img_Magda Kowalska_sendButton' is clicked on

2021-12-21 18:43:08 - [TEST_STEP][PASSED] - setText(findTestObject("Page_PSTO webMessenger - Zalogowano/input_Magda Kowalska_messageInput"), "a"): Text 'a' is set on object 'Object Repository/Page_PSTO webMessenger - Zalogowano/input_Magda Kowalska_messageInput'

2021-12-21 18:43:09 - [MESSAGE][PASSED] - Text 'a' is set on object 'Object Repository/Page_PSTO webMessenger - Zalogowano/input_Magda Kowalska_messageInput'

2021-12-21 18:43:09 - [TEST_STEP][PASSED] - click(findTestObject("Page_PSTO webMessenger - Zalogowano/img_Magda Kowalska_sendButton")): Object: 'Object Repository/Page_PSTO webMessenger - Zalogowano/img_Magda Kowalska_sendButton' is clicked on

2021-12-21 18:43:10 - [MESSAGE][PASSED] - Object: 'Object Repository/Page_PSTO webMessenger - Zalogowano/img_Magda Kowalska_sendButton' is clicked on

2021-12-21 18:43:10 - [TEST_STEP][PASSED] - setText(findTestObject("Page_PSTO webMessenger - Zalogowano/input_Magda Kowalska_messageInput"), "a"): Text 'a' is set on object 'Object Repository/Page_PSTO webMessenger - Zalogowano/input_Magda Kowalska_messageInput'

2021-12-21 18:43:11 - [MESSAGE][PASSED] - Text 'a' is set on object 'Object Repository/Page_PSTO webMessenger - Zalogowano/input_Magda Kowalska_messageInput'

2021-12-21 18:43:11 - [TEST_STEP][PASSED] - click(findTestObject("Page_PSTO webMessenger - Zalogowano/img_Magda Kowalska_sendButton")): Object: 'Object Repository/Page_PSTO webMessenger - Zalogowano/img_Magda Kowalska_sendButton' is clicked on

2021-12-21 18:43:12 - [MESSAGE][PASSED] - Object: 'Object Repository/Page_PSTO webMessenger - Zalogowano/img_Magda Kowalska_sendButton' is clicked on

2021-12-21 18:43:12 - [TEST_STEP][PASSED] - setText(findTestObject("Page_PSTO webMessenger - Zalogowano/input_Magda Kowalska_messageInput"), "a"): Text 'a' is set on object 'Object Repository/Page_PSTO webMessenger - Zalogowano/input_Magda Kowalska_messageInput'

2021-12-21 18:43:13 - [MESSAGE][PASSED] - Text 'a' is set on object 'Object Repository/Page_PSTO webMessenger - Zalogowano/input_Magda Kowalska_messageInput'

2021-12-21 18:43:13 - [TEST_STEP][PASSED] - click(findTestObject("Page_PSTO webMessenger - Zalogowano/img_Magda Kowalska_sendButton")): Object: 'Object Repository/Page_PSTO webMessenger - Zalogowano/img_Magda Kowalska_sendButton' is clicked on

2021-12-21 18:43:13 - [MESSAGE][PASSED] - Object: 'Object Repository/Page_PSTO webMessenger - Zalogowano/img_Magda Kowalska_sendButton' is clicked on

2021-12-21 18:43:13 - [TEST_STEP][PASSED] - click(findTestObject("Object Repository/Page_PSTO webMessenger - Zalogowano/img_Zarejestruj konto_iconImg")): Object: 'Object Repository/Page_PSTO webMessenger - Zalogowano/img_Zarejestruj konto_iconImg' is clicked on

2021-12-21 18:43:14 - [MESSAGE][PASSED] - Object: 'Object Repository/Page_PSTO webMessenger - Zalogowano/img_Zarejestruj konto_iconImg' is clicked on

2021-12-21 18:43:14 - [TEST_STEP][PASSED] - closeBrowser(): Browser is closed

2021-12-21 18:43:15 - [MESSAGE][PASSED] - Browser is closed]]></system-out>
         <system-err><![CDATA[]]></system-err>
      </testcase>
      <testcase name="Test Cases/Historia rozmów/HR18" time="681.433" classname="Test Cases/Historia rozmów/HR18" status="PASSED">
         <system-out><![CDATA[2021-12-21 18:43:15 - [TEST_CASE][PASSED] - Test Cases/Historia rozmów/HR18: Test Cases/Historia rozmów/HR18

2021-12-21 18:43:16 - [TEST_STEP][PASSED] - openBrowser(""): Browser is opened with url: ''

2021-12-21 18:43:16 - [MESSAGE][INFO] - Starting 'Chrome' driver

2021-12-21 18:43:16 - [MESSAGE][INFO] - Action delay is set to 0 milliseconds

2021-12-21 18:43:17 - [MESSAGE][PASSED] - Browser is opened with url: ''

2021-12-21 18:43:17 - [TEST_STEP][PASSED] - maximizeWindow(): Current window maximized

2021-12-21 18:43:17 - [MESSAGE][PASSED] - Current window maximized

2021-12-21 18:43:17 - [TEST_STEP][PASSED] - navigateToUrl("http://kmg.hcm.pl/testowanie/index.html"): Navigate to 'http://kmg.hcm.pl/testowanie/index.html' successfully

2021-12-21 18:43:19 - [MESSAGE][PASSED] - Navigate to 'http://kmg.hcm.pl/testowanie/index.html' successfully

2021-12-21 18:43:19 - [TEST_STEP][PASSED] - setText(findTestObject("Object Repository/Page_PSTO webMessenger/input_Zarejestruj konto_userLogin"), "Tomasz Staszewski"): Text 'Tomasz Staszewski' is set on object 'Object Repository/Page_PSTO webMessenger/input_Zarejestruj konto_userLogin'

2021-12-21 18:43:20 - [MESSAGE][PASSED] - Text 'Tomasz Staszewski' is set on object 'Object Repository/Page_PSTO webMessenger/input_Zarejestruj konto_userLogin'

2021-12-21 18:43:20 - [TEST_STEP][PASSED] - setEncryptedText(findTestObject("Object Repository/Page_PSTO webMessenger/input_Zarejestruj konto_passwordLogin"), "wCo1vTKhcj4="): Text ****** has been set on object 'Object Repository/Page_PSTO webMessenger/input_Zarejestruj konto_passwordLogin'

2021-12-21 18:43:21 - [MESSAGE][PASSED] - Text ****** has been set on object 'Object Repository/Page_PSTO webMessenger/input_Zarejestruj konto_passwordLogin'

2021-12-21 18:43:21 - [TEST_STEP][PASSED] - click(findTestObject("Object Repository/Page_PSTO webMessenger/input_Zarejestruj konto_login")): Object: 'Object Repository/Page_PSTO webMessenger/input_Zarejestruj konto_login' is clicked on

2021-12-21 18:43:21 - [MESSAGE][PASSED] - Object: 'Object Repository/Page_PSTO webMessenger/input_Zarejestruj konto_login' is clicked on

2021-12-21 18:43:21 - [TEST_STEP][PASSED] - click(findTestObject("Page_PSTO webMessenger - Zalogowano/div_Joanna Kowalska")): Object: 'Object Repository/Page_PSTO webMessenger - Zalogowano/div_Joanna Kowalska' is clicked on

2021-12-21 18:43:22 - [MESSAGE][PASSED] - Object: 'Object Repository/Page_PSTO webMessenger - Zalogowano/div_Joanna Kowalska' is clicked on

2021-12-21 18:43:22 - [TEST_STEP][PASSED] - setText(findTestObject("Page_PSTO webMessenger - Zalogowano/input_Joanna Kowalska_messageInput"), "proba"): Text 'proba' is set on object 'Object Repository/Page_PSTO webMessenger - Zalogowano/input_Joanna Kowalska_messageInput'

2021-12-21 18:43:25 - [MESSAGE][PASSED] - Text 'proba' is set on object 'Object Repository/Page_PSTO webMessenger - Zalogowano/input_Joanna Kowalska_messageInput'

2021-12-21 18:43:25 - [TEST_STEP][PASSED] - click(findTestObject("Page_PSTO webMessenger - Zalogowano/img_Joanna Kowalska_sendButton")): Object: 'Object Repository/Page_PSTO webMessenger - Zalogowano/img_Joanna Kowalska_sendButton' is clicked on

2021-12-21 18:43:26 - [MESSAGE][PASSED] - Object: 'Object Repository/Page_PSTO webMessenger - Zalogowano/img_Joanna Kowalska_sendButton' is clicked on

2021-12-21 18:43:26 - [TEST_STEP][PASSED] - for (def index : (1..100)): Object: 'Object Repository/Page_PSTO webMessenger - Zalogowano/img_Joanna Kowalska_sendButton' is clicked on

2021-12-21 18:43:26 - [TEST_STEP][PASSED] - setText(findTestObject("Page_PSTO webMessenger - Zalogowano/input_Joanna Kowalska_messageInput"), "b"): Text 'b' is set on object 'Object Repository/Page_PSTO webMessenger - Zalogowano/input_Joanna Kowalska_messageInput'

2021-12-21 18:43:27 - [MESSAGE][PASSED] - Text 'b' is set on object 'Object Repository/Page_PSTO webMessenger - Zalogowano/input_Joanna Kowalska_messageInput'

2021-12-21 18:43:27 - [TEST_STEP][PASSED] - click(findTestObject("Page_PSTO webMessenger - Zalogowano/img_Joanna Kowalska_sendButton")): Object: 'Object Repository/Page_PSTO webMessenger - Zalogowano/img_Joanna Kowalska_sendButton' is clicked on

2021-12-21 18:43:28 - [MESSAGE][PASSED] - Object: 'Object Repository/Page_PSTO webMessenger - Zalogowano/img_Joanna Kowalska_sendButton' is clicked on

2021-12-21 18:43:28 - [TEST_STEP][PASSED] - setText(findTestObject("Page_PSTO webMessenger - Zalogowano/input_Joanna Kowalska_messageInput"), "b"): Text 'b' is set on object 'Object Repository/Page_PSTO webMessenger - Zalogowano/input_Joanna Kowalska_messageInput'

2021-12-21 18:43:33 - [MESSAGE][PASSED] - Text 'b' is set on object 'Object Repository/Page_PSTO webMessenger - Zalogowano/input_Joanna Kowalska_messageInput'

2021-12-21 18:43:33 - [TEST_STEP][PASSED] - click(findTestObject("Page_PSTO webMessenger - Zalogowano/img_Joanna Kowalska_sendButton")): Object: 'Object Repository/Page_PSTO webMessenger - Zalogowano/img_Joanna Kowalska_sendButton' is clicked on

2021-12-21 18:43:35 - [MESSAGE][PASSED] - Object: 'Object Repository/Page_PSTO webMessenger - Zalogowano/img_Joanna Kowalska_sendButton' is clicked on

2021-12-21 18:43:35 - [TEST_STEP][PASSED] - setText(findTestObject("Page_PSTO webMessenger - Zalogowano/input_Joanna Kowalska_messageInput"), "b"): Text 'b' is set on object 'Object Repository/Page_PSTO webMessenger - Zalogowano/input_Joanna Kowalska_messageInput'

2021-12-21 18:43:40 - [MESSAGE][PASSED] - Text 'b' is set on object 'Object Repository/Page_PSTO webMessenger - Zalogowano/input_Joanna Kowalska_messageInput'

2021-12-21 18:43:40 - [TEST_STEP][PASSED] - click(findTestObject("Page_PSTO webMessenger - Zalogowano/img_Joanna Kowalska_sendButton")): Object: 'Object Repository/Page_PSTO webMessenger - Zalogowano/img_Joanna Kowalska_sendButton' is clicked on

2021-12-21 18:43:43 - [MESSAGE][PASSED] - Object: 'Object Repository/Page_PSTO webMessenger - Zalogowano/img_Joanna Kowalska_sendButton' is clicked on

2021-12-21 18:43:43 - [TEST_STEP][PASSED] - setText(findTestObject("Page_PSTO webMessenger - Zalogowano/input_Joanna Kowalska_messageInput"), "b"): Text 'b' is set on object 'Object Repository/Page_PSTO webMessenger - Zalogowano/input_Joanna Kowalska_messageInput'

2021-12-21 18:43:47 - [MESSAGE][PASSED] - Text 'b' is set on object 'Object Repository/Page_PSTO webMessenger - Zalogowano/input_Joanna Kowalska_messageInput'

2021-12-21 18:43:47 - [TEST_STEP][PASSED] - click(findTestObject("Page_PSTO webMessenger - Zalogowano/img_Joanna Kowalska_sendButton")): Object: 'Object Repository/Page_PSTO webMessenger - Zalogowano/img_Joanna Kowalska_sendButton' is clicked on

2021-12-21 18:43:49 - [MESSAGE][PASSED] - Object: 'Object Repository/Page_PSTO webMessenger - Zalogowano/img_Joanna Kowalska_sendButton' is clicked on

2021-12-21 18:43:49 - [TEST_STEP][PASSED] - setText(findTestObject("Page_PSTO webMessenger - Zalogowano/input_Joanna Kowalska_messageInput"), "b"): Text 'b' is set on object 'Object Repository/Page_PSTO webMessenger - Zalogowano/input_Joanna Kowalska_messageInput'

2021-12-21 18:43:53 - [MESSAGE][PASSED] - Text 'b' is set on object 'Object Repository/Page_PSTO webMessenger - Zalogowano/input_Joanna Kowalska_messageInput'

2021-12-21 18:43:53 - [TEST_STEP][PASSED] - click(findTestObject("Page_PSTO webMessenger - Zalogowano/img_Joanna Kowalska_sendButton")): Object: 'Object Repository/Page_PSTO webMessenger - Zalogowano/img_Joanna Kowalska_sendButton' is clicked on

2021-12-21 18:43:55 - [MESSAGE][PASSED] - Object: 'Object Repository/Page_PSTO webMessenger - Zalogowano/img_Joanna Kowalska_sendButton' is clicked on

2021-12-21 18:43:55 - [TEST_STEP][PASSED] - setText(findTestObject("Page_PSTO webMessenger - Zalogowano/input_Joanna Kowalska_messageInput"), "b"): Text 'b' is set on object 'Object Repository/Page_PSTO webMessenger - Zalogowano/input_Joanna Kowalska_messageInput'

2021-12-21 18:44:00 - [MESSAGE][PASSED] - Text 'b' is set on object 'Object Repository/Page_PSTO webMessenger - Zalogowano/input_Joanna Kowalska_messageInput'

2021-12-21 18:44:00 - [TEST_STEP][PASSED] - click(findTestObject("Page_PSTO webMessenger - Zalogowano/img_Joanna Kowalska_sendButton")): Object: 'Object Repository/Page_PSTO webMessenger - Zalogowano/img_Joanna Kowalska_sendButton' is clicked on

2021-12-21 18:44:08 - [MESSAGE][PASSED] - Object: 'Object Repository/Page_PSTO webMessenger - Zalogowano/img_Joanna Kowalska_sendButton' is clicked on

2021-12-21 18:44:08 - [TEST_STEP][PASSED] - setText(findTestObject("Page_PSTO webMessenger - Zalogowano/input_Joanna Kowalska_messageInput"), "b"): Text 'b' is set on object 'Object Repository/Page_PSTO webMessenger - Zalogowano/input_Joanna Kowalska_messageInput'

2021-12-21 18:44:12 - [MESSAGE][PASSED] - Text 'b' is set on object 'Object Repository/Page_PSTO webMessenger - Zalogowano/input_Joanna Kowalska_messageInput'

2021-12-21 18:44:12 - [TEST_STEP][PASSED] - click(findTestObject("Page_PSTO webMessenger - Zalogowano/img_Joanna Kowalska_sendButton")): Object: 'Object Repository/Page_PSTO webMessenger - Zalogowano/img_Joanna Kowalska_sendButton' is clicked on

2021-12-21 18:44:14 - [MESSAGE][PASSED] - Object: 'Object Repository/Page_PSTO webMessenger - Zalogowano/img_Joanna Kowalska_sendButton' is clicked on

2021-12-21 18:44:14 - [TEST_STEP][PASSED] - setText(findTestObject("Page_PSTO webMessenger - Zalogowano/input_Joanna Kowalska_messageInput"), "b"): Text 'b' is set on object 'Object Repository/Page_PSTO webMessenger - Zalogowano/input_Joanna Kowalska_messageInput'

2021-12-21 18:44:20 - [MESSAGE][PASSED] - Text 'b' is set on object 'Object Repository/Page_PSTO webMessenger - Zalogowano/input_Joanna Kowalska_messageInput'

2021-12-21 18:44:20 - [TEST_STEP][PASSED] - click(findTestObject("Page_PSTO webMessenger - Zalogowano/img_Joanna Kowalska_sendButton")): Object: 'Object Repository/Page_PSTO webMessenger - Zalogowano/img_Joanna Kowalska_sendButton' is clicked on

2021-12-21 18:44:22 - [MESSAGE][PASSED] - Object: 'Object Repository/Page_PSTO webMessenger - Zalogowano/img_Joanna Kowalska_sendButton' is clicked on

2021-12-21 18:44:22 - [TEST_STEP][PASSED] - setText(findTestObject("Page_PSTO webMessenger - Zalogowano/input_Joanna Kowalska_messageInput"), "b"): Text 'b' is set on object 'Object Repository/Page_PSTO webMessenger - Zalogowano/input_Joanna Kowalska_messageInput'

2021-12-21 18:44:27 - [MESSAGE][PASSED] - Text 'b' is set on object 'Object Repository/Page_PSTO webMessenger - Zalogowano/input_Joanna Kowalska_messageInput'

2021-12-21 18:44:27 - [TEST_STEP][PASSED] - click(findTestObject("Page_PSTO webMessenger - Zalogowano/img_Joanna Kowalska_sendButton")): Object: 'Object Repository/Page_PSTO webMessenger - Zalogowano/img_Joanna Kowalska_sendButton' is clicked on

2021-12-21 18:44:29 - [MESSAGE][PASSED] - Object: 'Object Repository/Page_PSTO webMessenger - Zalogowano/img_Joanna Kowalska_sendButton' is clicked on

2021-12-21 18:44:29 - [TEST_STEP][PASSED] - setText(findTestObject("Page_PSTO webMessenger - Zalogowano/input_Joanna Kowalska_messageInput"), "b"): Text 'b' is set on object 'Object Repository/Page_PSTO webMessenger - Zalogowano/input_Joanna Kowalska_messageInput'

2021-12-21 18:44:33 - [MESSAGE][PASSED] - Text 'b' is set on object 'Object Repository/Page_PSTO webMessenger - Zalogowano/input_Joanna Kowalska_messageInput'

2021-12-21 18:44:33 - [TEST_STEP][PASSED] - click(findTestObject("Page_PSTO webMessenger - Zalogowano/img_Joanna Kowalska_sendButton")): Object: 'Object Repository/Page_PSTO webMessenger - Zalogowano/img_Joanna Kowalska_sendButton' is clicked on

2021-12-21 18:44:35 - [MESSAGE][PASSED] - Object: 'Object Repository/Page_PSTO webMessenger - Zalogowano/img_Joanna Kowalska_sendButton' is clicked on

2021-12-21 18:44:35 - [TEST_STEP][PASSED] - setText(findTestObject("Page_PSTO webMessenger - Zalogowano/input_Joanna Kowalska_messageInput"), "b"): Text 'b' is set on object 'Object Repository/Page_PSTO webMessenger - Zalogowano/input_Joanna Kowalska_messageInput'

2021-12-21 18:44:42 - [MESSAGE][PASSED] - Text 'b' is set on object 'Object Repository/Page_PSTO webMessenger - Zalogowano/input_Joanna Kowalska_messageInput'

2021-12-21 18:44:42 - [TEST_STEP][PASSED] - click(findTestObject("Page_PSTO webMessenger - Zalogowano/img_Joanna Kowalska_sendButton")): Object: 'Object Repository/Page_PSTO webMessenger - Zalogowano/img_Joanna Kowalska_sendButton' is clicked on

2021-12-21 18:44:44 - [MESSAGE][PASSED] - Object: 'Object Repository/Page_PSTO webMessenger - Zalogowano/img_Joanna Kowalska_sendButton' is clicked on

2021-12-21 18:44:44 - [TEST_STEP][PASSED] - setText(findTestObject("Page_PSTO webMessenger - Zalogowano/input_Joanna Kowalska_messageInput"), "b"): Text 'b' is set on object 'Object Repository/Page_PSTO webMessenger - Zalogowano/input_Joanna Kowalska_messageInput'

2021-12-21 18:44:48 - [MESSAGE][PASSED] - Text 'b' is set on object 'Object Repository/Page_PSTO webMessenger - Zalogowano/input_Joanna Kowalska_messageInput'

2021-12-21 18:44:48 - [TEST_STEP][PASSED] - click(findTestObject("Page_PSTO webMessenger - Zalogowano/img_Joanna Kowalska_sendButton")): Object: 'Object Repository/Page_PSTO webMessenger - Zalogowano/img_Joanna Kowalska_sendButton' is clicked on

2021-12-21 18:44:50 - [MESSAGE][PASSED] - Object: 'Object Repository/Page_PSTO webMessenger - Zalogowano/img_Joanna Kowalska_sendButton' is clicked on

2021-12-21 18:44:50 - [TEST_STEP][PASSED] - setText(findTestObject("Page_PSTO webMessenger - Zalogowano/input_Joanna Kowalska_messageInput"), "b"): Text 'b' is set on object 'Object Repository/Page_PSTO webMessenger - Zalogowano/input_Joanna Kowalska_messageInput'

2021-12-21 18:44:55 - [MESSAGE][PASSED] - Text 'b' is set on object 'Object Repository/Page_PSTO webMessenger - Zalogowano/input_Joanna Kowalska_messageInput'

2021-12-21 18:44:55 - [TEST_STEP][PASSED] - click(findTestObject("Page_PSTO webMessenger - Zalogowano/img_Joanna Kowalska_sendButton")): Object: 'Object Repository/Page_PSTO webMessenger - Zalogowano/img_Joanna Kowalska_sendButton' is clicked on

2021-12-21 18:44:57 - [MESSAGE][PASSED] - Object: 'Object Repository/Page_PSTO webMessenger - Zalogowano/img_Joanna Kowalska_sendButton' is clicked on

2021-12-21 18:44:57 - [TEST_STEP][PASSED] - setText(findTestObject("Page_PSTO webMessenger - Zalogowano/input_Joanna Kowalska_messageInput"), "b"): Text 'b' is set on object 'Object Repository/Page_PSTO webMessenger - Zalogowano/input_Joanna Kowalska_messageInput'

2021-12-21 18:45:01 - [MESSAGE][PASSED] - Text 'b' is set on object 'Object Repository/Page_PSTO webMessenger - Zalogowano/input_Joanna Kowalska_messageInput'

2021-12-21 18:45:01 - [TEST_STEP][PASSED] - click(findTestObject("Page_PSTO webMessenger - Zalogowano/img_Joanna Kowalska_sendButton")): Object: 'Object Repository/Page_PSTO webMessenger - Zalogowano/img_Joanna Kowalska_sendButton' is clicked on

2021-12-21 18:45:03 - [MESSAGE][PASSED] - Object: 'Object Repository/Page_PSTO webMessenger - Zalogowano/img_Joanna Kowalska_sendButton' is clicked on

2021-12-21 18:45:03 - [TEST_STEP][PASSED] - setText(findTestObject("Page_PSTO webMessenger - Zalogowano/input_Joanna Kowalska_messageInput"), "b"): Text 'b' is set on object 'Object Repository/Page_PSTO webMessenger - Zalogowano/input_Joanna Kowalska_messageInput'

2021-12-21 18:45:07 - [MESSAGE][PASSED] - Text 'b' is set on object 'Object Repository/Page_PSTO webMessenger - Zalogowano/input_Joanna Kowalska_messageInput'

2021-12-21 18:45:07 - [TEST_STEP][PASSED] - click(findTestObject("Page_PSTO webMessenger - Zalogowano/img_Joanna Kowalska_sendButton")): Object: 'Object Repository/Page_PSTO webMessenger - Zalogowano/img_Joanna Kowalska_sendButton' is clicked on

2021-12-21 18:45:09 - [MESSAGE][PASSED] - Object: 'Object Repository/Page_PSTO webMessenger - Zalogowano/img_Joanna Kowalska_sendButton' is clicked on

2021-12-21 18:45:09 - [TEST_STEP][PASSED] - setText(findTestObject("Page_PSTO webMessenger - Zalogowano/input_Joanna Kowalska_messageInput"), "b"): Text 'b' is set on object 'Object Repository/Page_PSTO webMessenger - Zalogowano/input_Joanna Kowalska_messageInput'

2021-12-21 18:45:16 - [MESSAGE][PASSED] - Text 'b' is set on object 'Object Repository/Page_PSTO webMessenger - Zalogowano/input_Joanna Kowalska_messageInput'

2021-12-21 18:45:16 - [TEST_STEP][PASSED] - click(findTestObject("Page_PSTO webMessenger - Zalogowano/img_Joanna Kowalska_sendButton")): Object: 'Object Repository/Page_PSTO webMessenger - Zalogowano/img_Joanna Kowalska_sendButton' is clicked on

2021-12-21 18:45:18 - [MESSAGE][PASSED] - Object: 'Object Repository/Page_PSTO webMessenger - Zalogowano/img_Joanna Kowalska_sendButton' is clicked on

2021-12-21 18:45:18 - [TEST_STEP][PASSED] - setText(findTestObject("Page_PSTO webMessenger - Zalogowano/input_Joanna Kowalska_messageInput"), "b"): Text 'b' is set on object 'Object Repository/Page_PSTO webMessenger - Zalogowano/input_Joanna Kowalska_messageInput'

2021-12-21 18:45:22 - [MESSAGE][PASSED] - Text 'b' is set on object 'Object Repository/Page_PSTO webMessenger - Zalogowano/input_Joanna Kowalska_messageInput'

2021-12-21 18:45:22 - [TEST_STEP][PASSED] - click(findTestObject("Page_PSTO webMessenger - Zalogowano/img_Joanna Kowalska_sendButton")): Object: 'Object Repository/Page_PSTO webMessenger - Zalogowano/img_Joanna Kowalska_sendButton' is clicked on

2021-12-21 18:45:24 - [MESSAGE][PASSED] - Object: 'Object Repository/Page_PSTO webMessenger - Zalogowano/img_Joanna Kowalska_sendButton' is clicked on

2021-12-21 18:45:24 - [TEST_STEP][PASSED] - setText(findTestObject("Page_PSTO webMessenger - Zalogowano/input_Joanna Kowalska_messageInput"), "b"): Text 'b' is set on object 'Object Repository/Page_PSTO webMessenger - Zalogowano/input_Joanna Kowalska_messageInput'

2021-12-21 18:45:29 - [MESSAGE][PASSED] - Text 'b' is set on object 'Object Repository/Page_PSTO webMessenger - Zalogowano/input_Joanna Kowalska_messageInput'

2021-12-21 18:45:29 - [TEST_STEP][PASSED] - click(findTestObject("Page_PSTO webMessenger - Zalogowano/img_Joanna Kowalska_sendButton")): Object: 'Object Repository/Page_PSTO webMessenger - Zalogowano/img_Joanna Kowalska_sendButton' is clicked on

2021-12-21 18:45:33 - [MESSAGE][PASSED] - Object: 'Object Repository/Page_PSTO webMessenger - Zalogowano/img_Joanna Kowalska_sendButton' is clicked on

2021-12-21 18:45:33 - [TEST_STEP][PASSED] - setText(findTestObject("Page_PSTO webMessenger - Zalogowano/input_Joanna Kowalska_messageInput"), "b"): Text 'b' is set on object 'Object Repository/Page_PSTO webMessenger - Zalogowano/input_Joanna Kowalska_messageInput'

2021-12-21 18:45:37 - [MESSAGE][PASSED] - Text 'b' is set on object 'Object Repository/Page_PSTO webMessenger - Zalogowano/input_Joanna Kowalska_messageInput'

2021-12-21 18:45:37 - [TEST_STEP][PASSED] - click(findTestObject("Page_PSTO webMessenger - Zalogowano/img_Joanna Kowalska_sendButton")): Object: 'Object Repository/Page_PSTO webMessenger - Zalogowano/img_Joanna Kowalska_sendButton' is clicked on

2021-12-21 18:45:39 - [MESSAGE][PASSED] - Object: 'Object Repository/Page_PSTO webMessenger - Zalogowano/img_Joanna Kowalska_sendButton' is clicked on

2021-12-21 18:45:39 - [TEST_STEP][PASSED] - setText(findTestObject("Page_PSTO webMessenger - Zalogowano/input_Joanna Kowalska_messageInput"), "b"): Text 'b' is set on object 'Object Repository/Page_PSTO webMessenger - Zalogowano/input_Joanna Kowalska_messageInput'

2021-12-21 18:45:43 - [MESSAGE][PASSED] - Text 'b' is set on object 'Object Repository/Page_PSTO webMessenger - Zalogowano/input_Joanna Kowalska_messageInput'

2021-12-21 18:45:43 - [TEST_STEP][PASSED] - click(findTestObject("Page_PSTO webMessenger - Zalogowano/img_Joanna Kowalska_sendButton")): Object: 'Object Repository/Page_PSTO webMessenger - Zalogowano/img_Joanna Kowalska_sendButton' is clicked on

2021-12-21 18:45:45 - [MESSAGE][PASSED] - Object: 'Object Repository/Page_PSTO webMessenger - Zalogowano/img_Joanna Kowalska_sendButton' is clicked on

2021-12-21 18:45:45 - [TEST_STEP][PASSED] - setText(findTestObject("Page_PSTO webMessenger - Zalogowano/input_Joanna Kowalska_messageInput"), "b"): Text 'b' is set on object 'Object Repository/Page_PSTO webMessenger - Zalogowano/input_Joanna Kowalska_messageInput'

2021-12-21 18:45:49 - [MESSAGE][PASSED] - Text 'b' is set on object 'Object Repository/Page_PSTO webMessenger - Zalogowano/input_Joanna Kowalska_messageInput'

2021-12-21 18:45:49 - [TEST_STEP][PASSED] - click(findTestObject("Page_PSTO webMessenger - Zalogowano/img_Joanna Kowalska_sendButton")): Object: 'Object Repository/Page_PSTO webMessenger - Zalogowano/img_Joanna Kowalska_sendButton' is clicked on

2021-12-21 18:45:53 - [MESSAGE][PASSED] - Object: 'Object Repository/Page_PSTO webMessenger - Zalogowano/img_Joanna Kowalska_sendButton' is clicked on

2021-12-21 18:45:53 - [TEST_STEP][PASSED] - setText(findTestObject("Page_PSTO webMessenger - Zalogowano/input_Joanna Kowalska_messageInput"), "b"): Text 'b' is set on object 'Object Repository/Page_PSTO webMessenger - Zalogowano/input_Joanna Kowalska_messageInput'

2021-12-21 18:45:58 - [MESSAGE][PASSED] - Text 'b' is set on object 'Object Repository/Page_PSTO webMessenger - Zalogowano/input_Joanna Kowalska_messageInput'

2021-12-21 18:45:58 - [TEST_STEP][PASSED] - click(findTestObject("Page_PSTO webMessenger - Zalogowano/img_Joanna Kowalska_sendButton")): Object: 'Object Repository/Page_PSTO webMessenger - Zalogowano/img_Joanna Kowalska_sendButton' is clicked on

2021-12-21 18:46:00 - [MESSAGE][PASSED] - Object: 'Object Repository/Page_PSTO webMessenger - Zalogowano/img_Joanna Kowalska_sendButton' is clicked on

2021-12-21 18:46:00 - [TEST_STEP][PASSED] - setText(findTestObject("Page_PSTO webMessenger - Zalogowano/input_Joanna Kowalska_messageInput"), "b"): Text 'b' is set on object 'Object Repository/Page_PSTO webMessenger - Zalogowano/input_Joanna Kowalska_messageInput'

2021-12-21 18:46:04 - [MESSAGE][PASSED] - Text 'b' is set on object 'Object Repository/Page_PSTO webMessenger - Zalogowano/input_Joanna Kowalska_messageInput'

2021-12-21 18:46:04 - [TEST_STEP][PASSED] - click(findTestObject("Page_PSTO webMessenger - Zalogowano/img_Joanna Kowalska_sendButton")): Object: 'Object Repository/Page_PSTO webMessenger - Zalogowano/img_Joanna Kowalska_sendButton' is clicked on

2021-12-21 18:46:08 - [MESSAGE][PASSED] - Object: 'Object Repository/Page_PSTO webMessenger - Zalogowano/img_Joanna Kowalska_sendButton' is clicked on

2021-12-21 18:46:08 - [TEST_STEP][PASSED] - setText(findTestObject("Page_PSTO webMessenger - Zalogowano/input_Joanna Kowalska_messageInput"), "b"): Text 'b' is set on object 'Object Repository/Page_PSTO webMessenger - Zalogowano/input_Joanna Kowalska_messageInput'

2021-12-21 18:46:12 - [MESSAGE][PASSED] - Text 'b' is set on object 'Object Repository/Page_PSTO webMessenger - Zalogowano/input_Joanna Kowalska_messageInput'

2021-12-21 18:46:12 - [TEST_STEP][PASSED] - click(findTestObject("Page_PSTO webMessenger - Zalogowano/img_Joanna Kowalska_sendButton")): Object: 'Object Repository/Page_PSTO webMessenger - Zalogowano/img_Joanna Kowalska_sendButton' is clicked on

2021-12-21 18:46:14 - [MESSAGE][PASSED] - Object: 'Object Repository/Page_PSTO webMessenger - Zalogowano/img_Joanna Kowalska_sendButton' is clicked on

2021-12-21 18:46:14 - [TEST_STEP][PASSED] - setText(findTestObject("Page_PSTO webMessenger - Zalogowano/input_Joanna Kowalska_messageInput"), "b"): Text 'b' is set on object 'Object Repository/Page_PSTO webMessenger - Zalogowano/input_Joanna Kowalska_messageInput'

2021-12-21 18:46:20 - [MESSAGE][PASSED] - Text 'b' is set on object 'Object Repository/Page_PSTO webMessenger - Zalogowano/input_Joanna Kowalska_messageInput'

2021-12-21 18:46:20 - [TEST_STEP][PASSED] - click(findTestObject("Page_PSTO webMessenger - Zalogowano/img_Joanna Kowalska_sendButton")): Object: 'Object Repository/Page_PSTO webMessenger - Zalogowano/img_Joanna Kowalska_sendButton' is clicked on

2021-12-21 18:46:23 - [MESSAGE][PASSED] - Object: 'Object Repository/Page_PSTO webMessenger - Zalogowano/img_Joanna Kowalska_sendButton' is clicked on

2021-12-21 18:46:23 - [TEST_STEP][PASSED] - setText(findTestObject("Page_PSTO webMessenger - Zalogowano/input_Joanna Kowalska_messageInput"), "b"): Text 'b' is set on object 'Object Repository/Page_PSTO webMessenger - Zalogowano/input_Joanna Kowalska_messageInput'

2021-12-21 18:46:27 - [MESSAGE][PASSED] - Text 'b' is set on object 'Object Repository/Page_PSTO webMessenger - Zalogowano/input_Joanna Kowalska_messageInput'

2021-12-21 18:46:27 - [TEST_STEP][PASSED] - click(findTestObject("Page_PSTO webMessenger - Zalogowano/img_Joanna Kowalska_sendButton")): Object: 'Object Repository/Page_PSTO webMessenger - Zalogowano/img_Joanna Kowalska_sendButton' is clicked on

2021-12-21 18:46:29 - [MESSAGE][PASSED] - Object: 'Object Repository/Page_PSTO webMessenger - Zalogowano/img_Joanna Kowalska_sendButton' is clicked on

2021-12-21 18:46:29 - [TEST_STEP][PASSED] - setText(findTestObject("Page_PSTO webMessenger - Zalogowano/input_Joanna Kowalska_messageInput"), "b"): Text 'b' is set on object 'Object Repository/Page_PSTO webMessenger - Zalogowano/input_Joanna Kowalska_messageInput'

2021-12-21 18:46:33 - [MESSAGE][PASSED] - Text 'b' is set on object 'Object Repository/Page_PSTO webMessenger - Zalogowano/input_Joanna Kowalska_messageInput'

2021-12-21 18:46:33 - [TEST_STEP][PASSED] - click(findTestObject("Page_PSTO webMessenger - Zalogowano/img_Joanna Kowalska_sendButton")): Object: 'Object Repository/Page_PSTO webMessenger - Zalogowano/img_Joanna Kowalska_sendButton' is clicked on

2021-12-21 18:46:35 - [MESSAGE][PASSED] - Object: 'Object Repository/Page_PSTO webMessenger - Zalogowano/img_Joanna Kowalska_sendButton' is clicked on

2021-12-21 18:46:35 - [TEST_STEP][PASSED] - setText(findTestObject("Page_PSTO webMessenger - Zalogowano/input_Joanna Kowalska_messageInput"), "b"): Text 'b' is set on object 'Object Repository/Page_PSTO webMessenger - Zalogowano/input_Joanna Kowalska_messageInput'

2021-12-21 18:46:40 - [MESSAGE][PASSED] - Text 'b' is set on object 'Object Repository/Page_PSTO webMessenger - Zalogowano/input_Joanna Kowalska_messageInput'

2021-12-21 18:46:40 - [TEST_STEP][PASSED] - click(findTestObject("Page_PSTO webMessenger - Zalogowano/img_Joanna Kowalska_sendButton")): Object: 'Object Repository/Page_PSTO webMessenger - Zalogowano/img_Joanna Kowalska_sendButton' is clicked on

2021-12-21 18:46:42 - [MESSAGE][PASSED] - Object: 'Object Repository/Page_PSTO webMessenger - Zalogowano/img_Joanna Kowalska_sendButton' is clicked on

2021-12-21 18:46:42 - [TEST_STEP][PASSED] - setText(findTestObject("Page_PSTO webMessenger - Zalogowano/input_Joanna Kowalska_messageInput"), "b"): Text 'b' is set on object 'Object Repository/Page_PSTO webMessenger - Zalogowano/input_Joanna Kowalska_messageInput'

2021-12-21 18:46:47 - [MESSAGE][PASSED] - Text 'b' is set on object 'Object Repository/Page_PSTO webMessenger - Zalogowano/input_Joanna Kowalska_messageInput'

2021-12-21 18:46:47 - [TEST_STEP][PASSED] - click(findTestObject("Page_PSTO webMessenger - Zalogowano/img_Joanna Kowalska_sendButton")): Object: 'Object Repository/Page_PSTO webMessenger - Zalogowano/img_Joanna Kowalska_sendButton' is clicked on

2021-12-21 18:46:49 - [MESSAGE][PASSED] - Object: 'Object Repository/Page_PSTO webMessenger - Zalogowano/img_Joanna Kowalska_sendButton' is clicked on

2021-12-21 18:46:49 - [TEST_STEP][PASSED] - setText(findTestObject("Page_PSTO webMessenger - Zalogowano/input_Joanna Kowalska_messageInput"), "b"): Text 'b' is set on object 'Object Repository/Page_PSTO webMessenger - Zalogowano/input_Joanna Kowalska_messageInput'

2021-12-21 18:46:54 - [MESSAGE][PASSED] - Text 'b' is set on object 'Object Repository/Page_PSTO webMessenger - Zalogowano/input_Joanna Kowalska_messageInput'

2021-12-21 18:46:54 - [TEST_STEP][PASSED] - click(findTestObject("Page_PSTO webMessenger - Zalogowano/img_Joanna Kowalska_sendButton")): Object: 'Object Repository/Page_PSTO webMessenger - Zalogowano/img_Joanna Kowalska_sendButton' is clicked on

2021-12-21 18:46:58 - [MESSAGE][PASSED] - Object: 'Object Repository/Page_PSTO webMessenger - Zalogowano/img_Joanna Kowalska_sendButton' is clicked on

2021-12-21 18:46:58 - [TEST_STEP][PASSED] - setText(findTestObject("Page_PSTO webMessenger - Zalogowano/input_Joanna Kowalska_messageInput"), "b"): Text 'b' is set on object 'Object Repository/Page_PSTO webMessenger - Zalogowano/input_Joanna Kowalska_messageInput'

2021-12-21 18:47:02 - [MESSAGE][PASSED] - Text 'b' is set on object 'Object Repository/Page_PSTO webMessenger - Zalogowano/input_Joanna Kowalska_messageInput'

2021-12-21 18:47:02 - [TEST_STEP][PASSED] - click(findTestObject("Page_PSTO webMessenger - Zalogowano/img_Joanna Kowalska_sendButton")): Object: 'Object Repository/Page_PSTO webMessenger - Zalogowano/img_Joanna Kowalska_sendButton' is clicked on

2021-12-21 18:47:04 - [MESSAGE][PASSED] - Object: 'Object Repository/Page_PSTO webMessenger - Zalogowano/img_Joanna Kowalska_sendButton' is clicked on

2021-12-21 18:47:04 - [TEST_STEP][PASSED] - setText(findTestObject("Page_PSTO webMessenger - Zalogowano/input_Joanna Kowalska_messageInput"), "b"): Text 'b' is set on object 'Object Repository/Page_PSTO webMessenger - Zalogowano/input_Joanna Kowalska_messageInput'

2021-12-21 18:47:09 - [MESSAGE][PASSED] - Text 'b' is set on object 'Object Repository/Page_PSTO webMessenger - Zalogowano/input_Joanna Kowalska_messageInput'

2021-12-21 18:47:09 - [TEST_STEP][PASSED] - click(findTestObject("Page_PSTO webMessenger - Zalogowano/img_Joanna Kowalska_sendButton")): Object: 'Object Repository/Page_PSTO webMessenger - Zalogowano/img_Joanna Kowalska_sendButton' is clicked on

2021-12-21 18:47:12 - [MESSAGE][PASSED] - Object: 'Object Repository/Page_PSTO webMessenger - Zalogowano/img_Joanna Kowalska_sendButton' is clicked on

2021-12-21 18:47:12 - [TEST_STEP][PASSED] - setText(findTestObject("Page_PSTO webMessenger - Zalogowano/input_Joanna Kowalska_messageInput"), "b"): Text 'b' is set on object 'Object Repository/Page_PSTO webMessenger - Zalogowano/input_Joanna Kowalska_messageInput'

2021-12-21 18:47:16 - [MESSAGE][PASSED] - Text 'b' is set on object 'Object Repository/Page_PSTO webMessenger - Zalogowano/input_Joanna Kowalska_messageInput'

2021-12-21 18:47:16 - [TEST_STEP][PASSED] - click(findTestObject("Page_PSTO webMessenger - Zalogowano/img_Joanna Kowalska_sendButton")): Object: 'Object Repository/Page_PSTO webMessenger - Zalogowano/img_Joanna Kowalska_sendButton' is clicked on

2021-12-21 18:47:18 - [MESSAGE][PASSED] - Object: 'Object Repository/Page_PSTO webMessenger - Zalogowano/img_Joanna Kowalska_sendButton' is clicked on

2021-12-21 18:47:18 - [TEST_STEP][PASSED] - setText(findTestObject("Page_PSTO webMessenger - Zalogowano/input_Joanna Kowalska_messageInput"), "b"): Text 'b' is set on object 'Object Repository/Page_PSTO webMessenger - Zalogowano/input_Joanna Kowalska_messageInput'

2021-12-21 18:47:22 - [MESSAGE][PASSED] - Text 'b' is set on object 'Object Repository/Page_PSTO webMessenger - Zalogowano/input_Joanna Kowalska_messageInput'

2021-12-21 18:47:22 - [TEST_STEP][PASSED] - click(findTestObject("Page_PSTO webMessenger - Zalogowano/img_Joanna Kowalska_sendButton")): Object: 'Object Repository/Page_PSTO webMessenger - Zalogowano/img_Joanna Kowalska_sendButton' is clicked on

2021-12-21 18:47:24 - [MESSAGE][PASSED] - Object: 'Object Repository/Page_PSTO webMessenger - Zalogowano/img_Joanna Kowalska_sendButton' is clicked on

2021-12-21 18:47:24 - [TEST_STEP][PASSED] - setText(findTestObject("Page_PSTO webMessenger - Zalogowano/input_Joanna Kowalska_messageInput"), "b"): Text 'b' is set on object 'Object Repository/Page_PSTO webMessenger - Zalogowano/input_Joanna Kowalska_messageInput'

2021-12-21 18:47:29 - [MESSAGE][PASSED] - Text 'b' is set on object 'Object Repository/Page_PSTO webMessenger - Zalogowano/input_Joanna Kowalska_messageInput'

[...]

2021-12-21 20:17:47 - [MESSAGE][PASSED] - Text 'e' is set on object 'Object Repository/Page_PSTO webMessenger - Zalogowano/input_Leszek Kowalski_messageInput'

2021-12-21 20:17:47 - [TEST_STEP][PASSED] - click(findTestObject("Page_PSTO webMessenger - Zalogowano/img_Leszek Kowalski_sendButton")): Object: 'Object Repository/Page_PSTO webMessenger - Zalogowano/img_Leszek Kowalski_sendButton' is clicked on

2021-12-21 20:17:49 - [MESSAGE][PASSED] - Object: 'Object Repository/Page_PSTO webMessenger - Zalogowano/img_Leszek Kowalski_sendButton' is clicked on

2021-12-21 20:17:49 - [TEST_STEP][PASSED] - setText(findTestObject("Page_PSTO webMessenger - Zalogowano/input_Leszek Kowalski_messageInput"), "e"): Text 'e' is set on object 'Object Repository/Page_PSTO webMessenger - Zalogowano/input_Leszek Kowalski_messageInput'

2021-12-21 20:17:53 - [MESSAGE][PASSED] - Text 'e' is set on object 'Object Repository/Page_PSTO webMessenger - Zalogowano/input_Leszek Kowalski_messageInput'

2021-12-21 20:17:53 - [TEST_STEP][PASSED] - click(findTestObject("Page_PSTO webMessenger - Zalogowano/img_Leszek Kowalski_sendButton")): Object: 'Object Repository/Page_PSTO webMessenger - Zalogowano/img_Leszek Kowalski_sendButton' is clicked on

2021-12-21 20:17:56 - [MESSAGE][PASSED] - Object: 'Object Repository/Page_PSTO webMessenger - Zalogowano/img_Leszek Kowalski_sendButton' is clicked on

2021-12-21 20:17:56 - [TEST_STEP][PASSED] - setText(findTestObject("Page_PSTO webMessenger - Zalogowano/input_Leszek Kowalski_messageInput"), "e"): Text 'e' is set on object 'Object Repository/Page_PSTO webMessenger - Zalogowano/input_Leszek Kowalski_messageInput'

2021-12-21 20:17:59 - [MESSAGE][PASSED] - Text 'e' is set on object 'Object Repository/Page_PSTO webMessenger - Zalogowano/input_Leszek Kowalski_messageInput'

2021-12-21 20:17:59 - [TEST_STEP][PASSED] - click(findTestObject("Page_PSTO webMessenger - Zalogowano/img_Leszek Kowalski_sendButton")): Object: 'Object Repository/Page_PSTO webMessenger - Zalogowano/img_Leszek Kowalski_sendButton' is clicked on

2021-12-21 20:18:02 - [MESSAGE][PASSED] - Object: 'Object Repository/Page_PSTO webMessenger - Zalogowano/img_Leszek Kowalski_sendButton' is clicked on

2021-12-21 20:18:02 - [TEST_STEP][PASSED] - setText(findTestObject("Page_PSTO webMessenger - Zalogowano/input_Leszek Kowalski_messageInput"), "e"): Text 'e' is set on object 'Object Repository/Page_PSTO webMessenger - Zalogowano/input_Leszek Kowalski_messageInput'

2021-12-21 20:18:06 - [MESSAGE][PASSED] - Text 'e' is set on object 'Object Repository/Page_PSTO webMessenger - Zalogowano/input_Leszek Kowalski_messageInput'

2021-12-21 20:18:06 - [TEST_STEP][PASSED] - click(findTestObject("Page_PSTO webMessenger - Zalogowano/img_Leszek Kowalski_sendButton")): Object: 'Object Repository/Page_PSTO webMessenger - Zalogowano/img_Leszek Kowalski_sendButton' is clicked on

2021-12-21 20:18:08 - [MESSAGE][PASSED] - Object: 'Object Repository/Page_PSTO webMessenger - Zalogowano/img_Leszek Kowalski_sendButton' is clicked on

2021-12-21 20:18:08 - [TEST_STEP][PASSED] - setText(findTestObject("Page_PSTO webMessenger - Zalogowano/input_Leszek Kowalski_messageInput"), "e"): Text 'e' is set on object 'Object Repository/Page_PSTO webMessenger - Zalogowano/input_Leszek Kowalski_messageInput'

2021-12-21 20:18:12 - [MESSAGE][PASSED] - Text 'e' is set on object 'Object Repository/Page_PSTO webMessenger - Zalogowano/input_Leszek Kowalski_messageInput'

2021-12-21 20:18:12 - [TEST_STEP][PASSED] - click(findTestObject("Page_PSTO webMessenger - Zalogowano/img_Leszek Kowalski_sendButton")): Object: 'Object Repository/Page_PSTO webMessenger - Zalogowano/img_Leszek Kowalski_sendButton' is clicked on

2021-12-21 20:18:14 - [MESSAGE][PASSED] - Object: 'Object Repository/Page_PSTO webMessenger - Zalogowano/img_Leszek Kowalski_sendButton' is clicked on

2021-12-21 20:18:14 - [TEST_STEP][PASSED] - setText(findTestObject("Page_PSTO webMessenger - Zalogowano/input_Leszek Kowalski_messageInput"), "e"): Text 'e' is set on object 'Object Repository/Page_PSTO webMessenger - Zalogowano/input_Leszek Kowalski_messageInput'

2021-12-21 20:18:18 - [MESSAGE][PASSED] - Text 'e' is set on object 'Object Repository/Page_PSTO webMessenger - Zalogowano/input_Leszek Kowalski_messageInput'

2021-12-21 20:18:18 - [TEST_STEP][PASSED] - click(findTestObject("Page_PSTO webMessenger - Zalogowano/img_Leszek Kowalski_sendButton")): Object: 'Object Repository/Page_PSTO webMessenger - Zalogowano/img_Leszek Kowalski_sendButton' is clicked on

2021-12-21 20:18:20 - [MESSAGE][PASSED] - Object: 'Object Repository/Page_PSTO webMessenger - Zalogowano/img_Leszek Kowalski_sendButton' is clicked on

2021-12-21 20:18:20 - [TEST_STEP][PASSED] - setText(findTestObject("Page_PSTO webMessenger - Zalogowano/input_Leszek Kowalski_messageInput"), "e"): Text 'e' is set on object 'Object Repository/Page_PSTO webMessenger - Zalogowano/input_Leszek Kowalski_messageInput'

2021-12-21 20:18:24 - [MESSAGE][PASSED] - Text 'e' is set on object 'Object Repository/Page_PSTO webMessenger - Zalogowano/input_Leszek Kowalski_messageInput'

2021-12-21 20:18:24 - [TEST_STEP][PASSED] - click(findTestObject("Page_PSTO webMessenger - Zalogowano/img_Leszek Kowalski_sendButton")): Object: 'Object Repository/Page_PSTO webMessenger - Zalogowano/img_Leszek Kowalski_sendButton' is clicked on

2021-12-21 20:18:26 - [MESSAGE][PASSED] - Object: 'Object Repository/Page_PSTO webMessenger - Zalogowano/img_Leszek Kowalski_sendButton' is clicked on

2021-12-21 20:18:26 - [TEST_STEP][PASSED] - setText(findTestObject("Page_PSTO webMessenger - Zalogowano/input_Leszek Kowalski_messageInput"), "e"): Text 'e' is set on object 'Object Repository/Page_PSTO webMessenger - Zalogowano/input_Leszek Kowalski_messageInput'

2021-12-21 20:18:30 - [MESSAGE][PASSED] - Text 'e' is set on object 'Object Repository/Page_PSTO webMessenger - Zalogowano/input_Leszek Kowalski_messageInput'

2021-12-21 20:18:30 - [TEST_STEP][PASSED] - click(findTestObject("Page_PSTO webMessenger - Zalogowano/img_Leszek Kowalski_sendButton")): Object: 'Object Repository/Page_PSTO webMessenger - Zalogowano/img_Leszek Kowalski_sendButton' is clicked on

2021-12-21 20:18:32 - [MESSAGE][PASSED] - Object: 'Object Repository/Page_PSTO webMessenger - Zalogowano/img_Leszek Kowalski_sendButton' is clicked on

2021-12-21 20:18:32 - [TEST_STEP][PASSED] - setText(findTestObject("Page_PSTO webMessenger - Zalogowano/input_Leszek Kowalski_messageInput"), "e"): Text 'e' is set on object 'Object Repository/Page_PSTO webMessenger - Zalogowano/input_Leszek Kowalski_messageInput'

2021-12-21 20:18:36 - [MESSAGE][PASSED] - Text 'e' is set on object 'Object Repository/Page_PSTO webMessenger - Zalogowano/input_Leszek Kowalski_messageInput'

2021-12-21 20:18:36 - [TEST_STEP][PASSED] - click(findTestObject("Page_PSTO webMessenger - Zalogowano/img_Leszek Kowalski_sendButton")): Object: 'Object Repository/Page_PSTO webMessenger - Zalogowano/img_Leszek Kowalski_sendButton' is clicked on

2021-12-21 20:18:38 - [MESSAGE][PASSED] - Object: 'Object Repository/Page_PSTO webMessenger - Zalogowano/img_Leszek Kowalski_sendButton' is clicked on

2021-12-21 20:18:38 - [TEST_STEP][PASSED] - setText(findTestObject("Page_PSTO webMessenger - Zalogowano/input_Leszek Kowalski_messageInput"), "e"): Text 'e' is set on object 'Object Repository/Page_PSTO webMessenger - Zalogowano/input_Leszek Kowalski_messageInput'

2021-12-21 20:18:42 - [MESSAGE][PASSED] - Text 'e' is set on object 'Object Repository/Page_PSTO webMessenger - Zalogowano/input_Leszek Kowalski_messageInput'

2021-12-21 20:18:42 - [TEST_STEP][PASSED] - click(findTestObject("Page_PSTO webMessenger - Zalogowano/img_Leszek Kowalski_sendButton")): Object: 'Object Repository/Page_PSTO webMessenger - Zalogowano/img_Leszek Kowalski_sendButton' is clicked on

2021-12-21 20:18:45 - [MESSAGE][PASSED] - Object: 'Object Repository/Page_PSTO webMessenger - Zalogowano/img_Leszek Kowalski_sendButton' is clicked on

2021-12-21 20:18:45 - [TEST_STEP][PASSED] - setText(findTestObject("Page_PSTO webMessenger - Zalogowano/input_Leszek Kowalski_messageInput"), "e"): Text 'e' is set on object 'Object Repository/Page_PSTO webMessenger - Zalogowano/input_Leszek Kowalski_messageInput'

2021-12-21 20:18:49 - [MESSAGE][PASSED] - Text 'e' is set on object 'Object Repository/Page_PSTO webMessenger - Zalogowano/input_Leszek Kowalski_messageInput'

2021-12-21 20:18:49 - [TEST_STEP][PASSED] - click(findTestObject("Page_PSTO webMessenger - Zalogowano/img_Leszek Kowalski_sendButton")): Object: 'Object Repository/Page_PSTO webMessenger - Zalogowano/img_Leszek Kowalski_sendButton' is clicked on

2021-12-21 20:18:51 - [MESSAGE][PASSED] - Object: 'Object Repository/Page_PSTO webMessenger - Zalogowano/img_Leszek Kowalski_sendButton' is clicked on

2021-12-21 20:18:51 - [TEST_STEP][PASSED] - setText(findTestObject("Page_PSTO webMessenger - Zalogowano/input_Leszek Kowalski_messageInput"), "e"): Text 'e' is set on object 'Object Repository/Page_PSTO webMessenger - Zalogowano/input_Leszek Kowalski_messageInput'

2021-12-21 20:18:55 - [MESSAGE][PASSED] - Text 'e' is set on object 'Object Repository/Page_PSTO webMessenger - Zalogowano/input_Leszek Kowalski_messageInput'

2021-12-21 20:18:55 - [TEST_STEP][PASSED] - click(findTestObject("Page_PSTO webMessenger - Zalogowano/img_Leszek Kowalski_sendButton")): Object: 'Object Repository/Page_PSTO webMessenger - Zalogowano/img_Leszek Kowalski_sendButton' is clicked on

2021-12-21 20:18:57 - [MESSAGE][PASSED] - Object: 'Object Repository/Page_PSTO webMessenger - Zalogowano/img_Leszek Kowalski_sendButton' is clicked on

2021-12-21 20:18:57 - [TEST_STEP][PASSED] - setText(findTestObject("Page_PSTO webMessenger - Zalogowano/input_Leszek Kowalski_messageInput"), "e"): Text 'e' is set on object 'Object Repository/Page_PSTO webMessenger - Zalogowano/input_Leszek Kowalski_messageInput'

2021-12-21 20:19:01 - [MESSAGE][PASSED] - Text 'e' is set on object 'Object Repository/Page_PSTO webMessenger - Zalogowano/input_Leszek Kowalski_messageInput'

2021-12-21 20:19:01 - [TEST_STEP][PASSED] - click(findTestObject("Page_PSTO webMessenger - Zalogowano/img_Leszek Kowalski_sendButton")): Object: 'Object Repository/Page_PSTO webMessenger - Zalogowano/img_Leszek Kowalski_sendButton' is clicked on

2021-12-21 20:19:03 - [MESSAGE][PASSED] - Object: 'Object Repository/Page_PSTO webMessenger - Zalogowano/img_Leszek Kowalski_sendButton' is clicked on

2021-12-21 20:19:03 - [TEST_STEP][PASSED] - setText(findTestObject("Page_PSTO webMessenger - Zalogowano/input_Leszek Kowalski_messageInput"), "e"): Text 'e' is set on object 'Object Repository/Page_PSTO webMessenger - Zalogowano/input_Leszek Kowalski_messageInput'

2021-12-21 20:19:07 - [MESSAGE][PASSED] - Text 'e' is set on object 'Object Repository/Page_PSTO webMessenger - Zalogowano/input_Leszek Kowalski_messageInput'

2021-12-21 20:19:07 - [TEST_STEP][PASSED] - click(findTestObject("Page_PSTO webMessenger - Zalogowano/img_Leszek Kowalski_sendButton")): Object: 'Object Repository/Page_PSTO webMessenger - Zalogowano/img_Leszek Kowalski_sendButton' is clicked on

2021-12-21 20:19:09 - [MESSAGE][PASSED] - Object: 'Object Repository/Page_PSTO webMessenger - Zalogowano/img_Leszek Kowalski_sendButton' is clicked on

2021-12-21 20:19:09 - [TEST_STEP][PASSED] - setText(findTestObject("Page_PSTO webMessenger - Zalogowano/input_Leszek Kowalski_messageInput"), "e"): Text 'e' is set on object 'Object Repository/Page_PSTO webMessenger - Zalogowano/input_Leszek Kowalski_messageInput'

2021-12-21 20:19:13 - [MESSAGE][PASSED] - Text 'e' is set on object 'Object Repository/Page_PSTO webMessenger - Zalogowano/input_Leszek Kowalski_messageInput'

2021-12-21 20:19:13 - [TEST_STEP][PASSED] - click(findTestObject("Page_PSTO webMessenger - Zalogowano/img_Leszek Kowalski_sendButton")): Object: 'Object Repository/Page_PSTO webMessenger - Zalogowano/img_Leszek Kowalski_sendButton' is clicked on

2021-12-21 20:19:15 - [MESSAGE][PASSED] - Object: 'Object Repository/Page_PSTO webMessenger - Zalogowano/img_Leszek Kowalski_sendButton' is clicked on

2021-12-21 20:19:15 - [TEST_STEP][PASSED] - setText(findTestObject("Page_PSTO webMessenger - Zalogowano/input_Leszek Kowalski_messageInput"), "e"): Text 'e' is set on object 'Object Repository/Page_PSTO webMessenger - Zalogowano/input_Leszek Kowalski_messageInput'

2021-12-21 20:19:19 - [MESSAGE][PASSED] - Text 'e' is set on object 'Object Repository/Page_PSTO webMessenger - Zalogowano/input_Leszek Kowalski_messageInput'

2021-12-21 20:19:19 - [TEST_STEP][PASSED] - click(findTestObject("Page_PSTO webMessenger - Zalogowano/img_Leszek Kowalski_sendButton")): Object: 'Object Repository/Page_PSTO webMessenger - Zalogowano/img_Leszek Kowalski_sendButton' is clicked on

2021-12-21 20:19:21 - [MESSAGE][PASSED] - Object: 'Object Repository/Page_PSTO webMessenger - Zalogowano/img_Leszek Kowalski_sendButton' is clicked on

2021-12-21 20:19:21 - [TEST_STEP][PASSED] - setText(findTestObject("Page_PSTO webMessenger - Zalogowano/input_Leszek Kowalski_messageInput"), "e"): Text 'e' is set on object 'Object Repository/Page_PSTO webMessenger - Zalogowano/input_Leszek Kowalski_messageInput'

2021-12-21 20:19:25 - [MESSAGE][PASSED] - Text 'e' is set on object 'Object Repository/Page_PSTO webMessenger - Zalogowano/input_Leszek Kowalski_messageInput'

2021-12-21 20:19:25 - [TEST_STEP][PASSED] - click(findTestObject("Page_PSTO webMessenger - Zalogowano/img_Leszek Kowalski_sendButton")): Object: 'Object Repository/Page_PSTO webMessenger - Zalogowano/img_Leszek Kowalski_sendButton' is clicked on

2021-12-21 20:19:27 - [MESSAGE][PASSED] - Object: 'Object Repository/Page_PSTO webMessenger - Zalogowano/img_Leszek Kowalski_sendButton' is clicked on

2021-12-21 20:19:27 - [TEST_STEP][PASSED] - setText(findTestObject("Page_PSTO webMessenger - Zalogowano/input_Leszek Kowalski_messageInput"), "e"): Text 'e' is set on object 'Object Repository/Page_PSTO webMessenger - Zalogowano/input_Leszek Kowalski_messageInput'

2021-12-21 20:19:31 - [MESSAGE][PASSED] - Text 'e' is set on object 'Object Repository/Page_PSTO webMessenger - Zalogowano/input_Leszek Kowalski_messageInput'

2021-12-21 20:19:31 - [TEST_STEP][PASSED] - click(findTestObject("Page_PSTO webMessenger - Zalogowano/img_Leszek Kowalski_sendButton")): Object: 'Object Repository/Page_PSTO webMessenger - Zalogowano/img_Leszek Kowalski_sendButton' is clicked on

2021-12-21 20:19:33 - [MESSAGE][PASSED] - Object: 'Object Repository/Page_PSTO webMessenger - Zalogowano/img_Leszek Kowalski_sendButton' is clicked on

2021-12-21 20:19:33 - [TEST_STEP][PASSED] - setText(findTestObject("Page_PSTO webMessenger - Zalogowano/input_Leszek Kowalski_messageInput"), "e"): Text 'e' is set on object 'Object Repository/Page_PSTO webMessenger - Zalogowano/input_Leszek Kowalski_messageInput'

2021-12-21 20:19:37 - [MESSAGE][PASSED] - Text 'e' is set on object 'Object Repository/Page_PSTO webMessenger - Zalogowano/input_Leszek Kowalski_messageInput'

2021-12-21 20:19:37 - [TEST_STEP][PASSED] - click(findTestObject("Page_PSTO webMessenger - Zalogowano/img_Leszek Kowalski_sendButton")): Object: 'Object Repository/Page_PSTO webMessenger - Zalogowano/img_Leszek Kowalski_sendButton' is clicked on

2021-12-21 20:19:39 - [MESSAGE][PASSED] - Object: 'Object Repository/Page_PSTO webMessenger - Zalogowano/img_Leszek Kowalski_sendButton' is clicked on

2021-12-21 20:19:39 - [TEST_STEP][PASSED] - setText(findTestObject("Page_PSTO webMessenger - Zalogowano/input_Leszek Kowalski_messageInput"), "e"): Text 'e' is set on object 'Object Repository/Page_PSTO webMessenger - Zalogowano/input_Leszek Kowalski_messageInput'

2021-12-21 20:19:43 - [MESSAGE][PASSED] - Text 'e' is set on object 'Object Repository/Page_PSTO webMessenger - Zalogowano/input_Leszek Kowalski_messageInput'

2021-12-21 20:19:43 - [TEST_STEP][PASSED] - click(findTestObject("Page_PSTO webMessenger - Zalogowano/img_Leszek Kowalski_sendButton")): Object: 'Object Repository/Page_PSTO webMessenger - Zalogowano/img_Leszek Kowalski_sendButton' is clicked on

2021-12-21 20:19:45 - [MESSAGE][PASSED] - Object: 'Object Repository/Page_PSTO webMessenger - Zalogowano/img_Leszek Kowalski_sendButton' is clicked on

2021-12-21 20:19:45 - [TEST_STEP][PASSED] - setText(findTestObject("Page_PSTO webMessenger - Zalogowano/input_Leszek Kowalski_messageInput"), "e"): Text 'e' is set on object 'Object Repository/Page_PSTO webMessenger - Zalogowano/input_Leszek Kowalski_messageInput'

2021-12-21 20:19:49 - [MESSAGE][PASSED] - Text 'e' is set on object 'Object Repository/Page_PSTO webMessenger - Zalogowano/input_Leszek Kowalski_messageInput'

2021-12-21 20:19:49 - [TEST_STEP][PASSED] - click(findTestObject("Page_PSTO webMessenger - Zalogowano/img_Leszek Kowalski_sendButton")): Object: 'Object Repository/Page_PSTO webMessenger - Zalogowano/img_Leszek Kowalski_sendButton' is clicked on

2021-12-21 20:19:51 - [MESSAGE][PASSED] - Object: 'Object Repository/Page_PSTO webMessenger - Zalogowano/img_Leszek Kowalski_sendButton' is clicked on

2021-12-21 20:19:51 - [TEST_STEP][PASSED] - setText(findTestObject("Page_PSTO webMessenger - Zalogowano/input_Leszek Kowalski_messageInput"), "e"): Text 'e' is set on object 'Object Repository/Page_PSTO webMessenger - Zalogowano/input_Leszek Kowalski_messageInput'

2021-12-21 20:19:55 - [MESSAGE][PASSED] - Text 'e' is set on object 'Object Repository/Page_PSTO webMessenger - Zalogowano/input_Leszek Kowalski_messageInput'

2021-12-21 20:19:55 - [TEST_STEP][PASSED] - click(findTestObject("Page_PSTO webMessenger - Zalogowano/img_Leszek Kowalski_sendButton")): Object: 'Object Repository/Page_PSTO webMessenger - Zalogowano/img_Leszek Kowalski_sendButton' is clicked on

2021-12-21 20:19:57 - [MESSAGE][PASSED] - Object: 'Object Repository/Page_PSTO webMessenger - Zalogowano/img_Leszek Kowalski_sendButton' is clicked on

2021-12-21 20:19:57 - [TEST_STEP][PASSED] - setText(findTestObject("Page_PSTO webMessenger - Zalogowano/input_Leszek Kowalski_messageInput"), "e"): Text 'e' is set on object 'Object Repository/Page_PSTO webMessenger - Zalogowano/input_Leszek Kowalski_messageInput'

2021-12-21 20:20:01 - [MESSAGE][PASSED] - Text 'e' is set on object 'Object Repository/Page_PSTO webMessenger - Zalogowano/input_Leszek Kowalski_messageInput'

2021-12-21 20:20:01 - [TEST_STEP][PASSED] - click(findTestObject("Page_PSTO webMessenger - Zalogowano/img_Leszek Kowalski_sendButton")): Object: 'Object Repository/Page_PSTO webMessenger - Zalogowano/img_Leszek Kowalski_sendButton' is clicked on

2021-12-21 20:20:03 - [MESSAGE][PASSED] - Object: 'Object Repository/Page_PSTO webMessenger - Zalogowano/img_Leszek Kowalski_sendButton' is clicked on

2021-12-21 20:20:03 - [TEST_STEP][PASSED] - click(findTestObject("Object Repository/Page_PSTO webMessenger - Zalogowano/img_Zarejestruj konto_iconImg")): Object: 'Object Repository/Page_PSTO webMessenger - Zalogowano/img_Zarejestruj konto_iconImg' is clicked on

2021-12-21 20:20:05 - [MESSAGE][PASSED] - Object: 'Object Repository/Page_PSTO webMessenger - Zalogowano/img_Zarejestruj konto_iconImg' is clicked on

2021-12-21 20:20:05 - [TEST_STEP][PASSED] - closeBrowser(): Browser is closed

2021-12-21 20:20:07 - [MESSAGE][PASSED] - Browser is closed]]></system-out>
         <system-err><![CDATA[]]></system-err>
      </testcase>
      <system-out><![CDATA[2021-12-21 18:41:36 - [TEST_SUITE][PASSED] - HR-test-chrome: Test Cases/Historia rozmów/HR21]]></system-out>
      <system-err><![CDATA[]]></system-err>
   </testsuite>
</testsuites>
